2023-09-25 08:22:05.650 [info] Extension host with pid 1297 started
2023-09-25 08:22:05.650 [info] Skipping acquiring lock for /home/mmtrent/.config/Code/User/workspaceStorage/c465c964d8d296fcf784d2b8a8b38468.
2023-09-25 08:22:05.683 [info] ExtensionService#_doActivateExtension vscode.git-base, startup: true, activationEvent: '*', root cause: vscode.git
2023-09-25 08:22:05.687 [info] ExtensionService#_doActivateExtension vscode.git, startup: true, activationEvent: '*'
2023-09-25 08:22:05.709 [info] ExtensionService#_doActivateExtension vscode.github, startup: true, activationEvent: '*'
2023-09-25 08:22:05.745 [info] Eager extensions activated
2023-09-25 08:22:05.781 [info] ExtensionService#_doActivateExtension vscode.debug-auto-launch, startup: false, activationEvent: 'onStartupFinished'
2023-09-25 08:22:05.782 [info] ExtensionService#_doActivateExtension vscode.merge-conflict, startup: false, activationEvent: 'onStartupFinished'
2023-09-25 08:22:05.786 [info] ExtensionService#_doActivateExtension ritwickdey.LiveServer, startup: false, activationEvent: 'onStartupFinished'
2023-09-25 08:22:05.790 [info] ExtensionService#_doActivateExtension vscode.github-authentication, startup: false, activationEvent: 'onAuthenticationRequest:github'
2023-09-25 08:22:05.919 [info] ExtensionService#_doActivateExtension vscode.microsoft-authentication, startup: false, activationEvent: 'onAuthenticationRequest:microsoft'
2023-09-25 08:22:09.914 [info] Extension host terminating: renderer closed the MessagePort
2023-09-25 08:22:09.923 [error] Canceled: Canceled
	at new h (/opt/visual-studio-code/resources/app/out/vs/workbench/api/node/extensionHostProcess.js:107:57382)
	at i.O (/opt/visual-studio-code/resources/app/out/vs/workbench/api/node/extensionHostProcess.js:116:10850)
	at j.<computed>.T.charCodeAt.j.<computed> (/opt/visual-studio-code/resources/app/out/vs/workbench/api/node/extensionHostProcess.js:116:8289)
	at r.g (/opt/visual-studio-code/resources/app/out/vs/workbench/api/node/extensionHostProcess.js:107:82208)
	at r.executeCommand (/opt/visual-studio-code/resources/app/out/vs/workbench/api/node/extensionHostProcess.js:107:81646)
	at u.registerCommand.description (/opt/visual-studio-code/resources/app/out/vs/workbench/api/node/extensionHostProcess.js:107:80967)
	at r.h (/opt/visual-studio-code/resources/app/out/vs/workbench/api/node/extensionHostProcess.js:107:82744)
	at r.g (/opt/visual-studio-code/resources/app/out/vs/workbench/api/node/extensionHostProcess.js:107:81739)
	at r.executeCommand (/opt/visual-studio-code/resources/app/out/vs/workbench/api/node/extensionHostProcess.js:107:81646)
	at Object.executeCommand (/opt/visual-studio-code/resources/app/out/vs/workbench/api/node/extensionHostProcess.js:122:21247)
	at n.D [as value] (/opt/visual-studio-code/resources/app/extensions/git/dist/main.js:2:1309000)
	at m.w (/opt/visual-studio-code/resources/app/out/vs/workbench/api/node/extensionHostProcess.js:63:1902)
	at m.x (/opt/visual-studio-code/resources/app/out/vs/workbench/api/node/extensionHostProcess.js:63:1972)
	at m.fire (/opt/visual-studio-code/resources/app/out/vs/workbench/api/node/extensionHostProcess.js:63:2188)
	at Object.m [as dispose] (/opt/visual-studio-code/resources/app/extensions/git/dist/main.js:2:1324784)
	at /opt/visual-studio-code/resources/app/extensions/git/dist/main.js:2:1329625
	at Array.forEach (<anonymous>)
	at g.dispose (/opt/visual-studio-code/resources/app/extensions/git/dist/main.js:2:1329611)
	at E.<anonymous> (/opt/visual-studio-code/resources/app/out/vs/workbench/api/node/extensionHostProcess.js:103:3484)
	at E.dispose (/opt/visual-studio-code/resources/app/out/vs/workbench/api/node/extensionHostProcess.js:103:3581)
	at E.<anonymous> (/opt/visual-studio-code/resources/app/extensions/git/dist/main.js:2:1311012)
	at E.dispose (/opt/visual-studio-code/resources/app/out/vs/workbench/api/node/extensionHostProcess.js:103:3581)
	at k (/opt/visual-studio-code/resources/app/out/vs/workbench/api/node/extensionHostProcess.js:13:11730)
	at n.Z (/opt/visual-studio-code/resources/app/out/vs/workbench/api/node/extensionHostProcess.js:118:9652)
	at /opt/visual-studio-code/resources/app/out/vs/workbench/api/node/extensionHostProcess.js:118:7585
	at Array.map (<anonymous>)
	at n.S (/opt/visual-studio-code/resources/app/out/vs/workbench/api/node/extensionHostProcess.js:118:7572)
	at n.terminate (/opt/visual-studio-code/resources/app/out/vs/workbench/api/node/extensionHostProcess.js:118:7844)
	at o.terminate (/opt/visual-studio-code/resources/app/out/vs/workbench/api/node/extensionHostProcess.js:122:1513)
	at D (/opt/visual-studio-code/resources/app/out/vs/workbench/api/node/extensionHostProcess.js:135:9800)
	at MessagePortMain.<anonymous> (/opt/visual-studio-code/resources/app/out/vs/workbench/api/node/extensionHostProcess.js:135:6225)
	at MessagePortMain.emit (node:events:513:28)
	at MessagePortMain._internalPort.emit (node:electron/js2c/utility_init:2:367) setContext undefined
2023-09-25 08:22:09.924 [error] Canceled: Canceled
	at new h (/opt/visual-studio-code/resources/app/out/vs/workbench/api/node/extensionHostProcess.js:107:57382)
	at i.O (/opt/visual-studio-code/resources/app/out/vs/workbench/api/node/extensionHostProcess.js:116:10850)
	at j.<computed>.T.charCodeAt.j.<computed> (/opt/visual-studio-code/resources/app/out/vs/workbench/api/node/extensionHostProcess.js:116:8289)
	at r.g (/opt/visual-studio-code/resources/app/out/vs/workbench/api/node/extensionHostProcess.js:107:82208)
	at r.executeCommand (/opt/visual-studio-code/resources/app/out/vs/workbench/api/node/extensionHostProcess.js:107:81646)
	at u.registerCommand.description (/opt/visual-studio-code/resources/app/out/vs/workbench/api/node/extensionHostProcess.js:107:80967)
	at r.h (/opt/visual-studio-code/resources/app/out/vs/workbench/api/node/extensionHostProcess.js:107:82744)
	at r.g (/opt/visual-studio-code/resources/app/out/vs/workbench/api/node/extensionHostProcess.js:107:81739)
	at r.executeCommand (/opt/visual-studio-code/resources/app/out/vs/workbench/api/node/extensionHostProcess.js:107:81646)
	at Object.executeCommand (/opt/visual-studio-code/resources/app/out/vs/workbench/api/node/extensionHostProcess.js:122:21247)
	at set b [as b] (/opt/visual-studio-code/resources/app/extensions/github/dist/extension.js:2:714434)
	at /opt/visual-studio-code/resources/app/extensions/github/dist/extension.js:2:715075
	at n.value (/opt/visual-studio-code/resources/app/extensions/git/dist/main.js:2:1396602)
	at m.w (/opt/visual-studio-code/resources/app/out/vs/workbench/api/node/extensionHostProcess.js:63:1902)
	at m.x (/opt/visual-studio-code/resources/app/out/vs/workbench/api/node/extensionHostProcess.js:63:1972)
	at m.fire (/opt/visual-studio-code/resources/app/out/vs/workbench/api/node/extensionHostProcess.js:63:2188)
	at Object.m [as dispose] (/opt/visual-studio-code/resources/app/extensions/git/dist/main.js:2:1324784)
	at /opt/visual-studio-code/resources/app/extensions/git/dist/main.js:2:1329625
	at Array.forEach (<anonymous>)
	at g.dispose (/opt/visual-studio-code/resources/app/extensions/git/dist/main.js:2:1329611)
	at E.<anonymous> (/opt/visual-studio-code/resources/app/out/vs/workbench/api/node/extensionHostProcess.js:103:3484)
	at E.dispose (/opt/visual-studio-code/resources/app/out/vs/workbench/api/node/extensionHostProcess.js:103:3581)
	at E.<anonymous> (/opt/visual-studio-code/resources/app/extensions/git/dist/main.js:2:1311012)
	at E.dispose (/opt/visual-studio-code/resources/app/out/vs/workbench/api/node/extensionHostProcess.js:103:3581)
	at k (/opt/visual-studio-code/resources/app/out/vs/workbench/api/node/extensionHostProcess.js:13:11730)
	at n.Z (/opt/visual-studio-code/resources/app/out/vs/workbench/api/node/extensionHostProcess.js:118:9652)
	at /opt/visual-studio-code/resources/app/out/vs/workbench/api/node/extensionHostProcess.js:118:7585
	at Array.map (<anonymous>)
	at n.S (/opt/visual-studio-code/resources/app/out/vs/workbench/api/node/extensionHostProcess.js:118:7572)
	at n.terminate (/opt/visual-studio-code/resources/app/out/vs/workbench/api/node/extensionHostProcess.js:118:7844)
	at o.terminate (/opt/visual-studio-code/resources/app/out/vs/workbench/api/node/extensionHostProcess.js:122:1513)
	at D (/opt/visual-studio-code/resources/app/out/vs/workbench/api/node/extensionHostProcess.js:135:9800)
	at MessagePortMain.<anonymous> (/opt/visual-studio-code/resources/app/out/vs/workbench/api/node/extensionHostProcess.js:135:6225)
	at MessagePortMain.emit (node:events:513:28)
	at MessagePortMain._internalPort.emit (node:electron/js2c/utility_init:2:367) setContext undefined
2023-09-25 08:22:14.921 [info] Extension host with pid 1297 exiting with code 0
