2023-10-03 18:09:59.221 [info] Log level: Info
2023-10-03 18:09:59.221 [info] Validating found git in: "git"
2023-10-03 18:09:59.221 [info] Using git "2.42.0" from "git"
2023-10-03 18:09:59.221 [info] > git rev-parse --show-toplevel [1ms]
2023-10-03 18:09:59.222 [info] > git rev-parse --git-dir --git-common-dir [1ms]
2023-10-03 18:09:59.225 [info] Open repository: /home/mmtrent/repos/library
2023-10-03 18:09:59.233 [info] > git rev-parse --show-toplevel [1ms]
2023-10-03 18:09:59.234 [info] > git config --get commit.template [5ms]
2023-10-03 18:09:59.251 [info] > git for-each-ref --format=%(refname)%00%(upstream:short)%00%(objectname)%00%(upstream:track)%00%(upstream:remotename)%00%(upstream:remoteref) refs/heads/classRefactor refs/remotes/classRefactor [10ms]
2023-10-03 18:09:59.260 [info] > git status -z -uall [6ms]
2023-10-03 18:09:59.268 [info] > git config --get commit.template [3ms]
2023-10-03 18:09:59.273 [info] > git for-each-ref --format=%(refname)%00%(upstream:short)%00%(objectname)%00%(upstream:track)%00%(upstream:remotename)%00%(upstream:remoteref) refs/heads/classRefactor refs/remotes/classRefactor [0ms]
2023-10-03 18:09:59.276 [info] > git status -z -uall [1ms]
2023-10-03 18:09:59.774 [info] > git check-ignore -v -z --stdin [4ms]
2023-10-03 18:11:22.624 [info] > git show --textconv :script.js [7ms]
2023-10-03 18:11:22.624 [info] > git ls-files --stage -- /home/mmtrent/repos/library/script.js [1ms]
2023-10-03 18:11:22.630 [info] > git cat-file -s 65347a06906c50a1efe200474b92c915bc11ee67 [2ms]
2023-10-03 18:12:23.585 [info] > git config --get commit.template [3ms]
2023-10-03 18:12:23.585 [info] > git for-each-ref --format=%(refname)%00%(upstream:short)%00%(objectname)%00%(upstream:track)%00%(upstream:remotename)%00%(upstream:remoteref) refs/heads/classRefactor refs/remotes/classRefactor [1ms]
2023-10-03 18:12:23.588 [info] > git status -z -uall [1ms]
2023-10-03 18:12:23.683 [info] > git ls-files --stage -- /home/mmtrent/repos/library/script.js [1ms]
2023-10-03 18:12:23.686 [info] > git cat-file -s 65347a06906c50a1efe200474b92c915bc11ee67 [1ms]
2023-10-03 18:12:23.690 [info] > git show --textconv :script.js [1ms]
2023-10-03 18:13:56.608 [info] > git config --get commit.template [3ms]
2023-10-03 18:13:56.608 [info] > git for-each-ref --format=%(refname)%00%(upstream:short)%00%(objectname)%00%(upstream:track)%00%(upstream:remotename)%00%(upstream:remoteref) refs/heads/classRefactor refs/remotes/classRefactor [1ms]
2023-10-03 18:13:56.611 [info] > git status -z -uall [0ms]
2023-10-03 18:13:56.706 [info] > git ls-files --stage -- /home/mmtrent/repos/library/script.js [0ms]
2023-10-03 18:13:56.709 [info] > git cat-file -s 65347a06906c50a1efe200474b92c915bc11ee67 [1ms]
2023-10-03 18:13:56.713 [info] > git show --textconv :script.js [1ms]
2023-10-03 18:14:07.299 [info] > git show --textconv :index.html [4ms]
2023-10-03 18:14:07.299 [info] > git ls-files --stage -- /home/mmtrent/repos/library/index.html [1ms]
2023-10-03 18:14:07.303 [info] > git cat-file -s 66fdf20f1766768ab5dae7981578285958cf2365 [1ms]
2023-10-03 18:14:11.938 [info] > git for-each-ref --sort -committerdate --format %(refname) %(objectname) %(*objectname) [1ms]
2023-10-03 18:14:17.838 [info] > git checkout -q classRefactor [1ms]
2023-10-03 18:14:17.844 [info] > git config --get commit.template [1ms]
2023-10-03 18:14:17.849 [info] > git for-each-ref --format=%(refname)%00%(upstream:short)%00%(objectname)%00%(upstream:track)%00%(upstream:remotename)%00%(upstream:remoteref) refs/heads/classRefactor refs/remotes/classRefactor [1ms]
2023-10-03 18:14:17.853 [info] > git status -z -uall [1ms]
2023-10-03 18:14:18.924 [info] > git config --get commit.template [3ms]
2023-10-03 18:14:18.924 [info] > git for-each-ref --format=%(refname)%00%(upstream:short)%00%(objectname)%00%(upstream:track)%00%(upstream:remotename)%00%(upstream:remoteref) refs/heads/classRefactor refs/remotes/classRefactor [1ms]
2023-10-03 18:14:18.928 [info] > git status -z -uall [1ms]
2023-10-03 18:14:19.023 [info] > git ls-files --stage -- /home/mmtrent/repos/library/script.js [3ms]
2023-10-03 18:14:19.026 [info] > git ls-files --stage -- /home/mmtrent/repos/library/index.html [3ms]
2023-10-03 18:14:19.029 [info] > git cat-file -s 65347a06906c50a1efe200474b92c915bc11ee67 [3ms]
2023-10-03 18:14:19.030 [info] > git cat-file -s 66fdf20f1766768ab5dae7981578285958cf2365 [1ms]
2023-10-03 18:14:19.037 [info] > git show --textconv :script.js [3ms]
2023-10-03 18:14:19.037 [info] > git show --textconv :index.html [1ms]
2023-10-03 18:15:06.300 [info] > git show --textconv :style.css [5ms]
2023-10-03 18:15:06.301 [info] > git ls-files --stage -- /home/mmtrent/repos/library/style.css [1ms]
2023-10-03 18:15:06.305 [info] > git cat-file -s a8ea76ab2ef41d96bb51a582e900a7a500d30782 [1ms]
2023-10-03 18:16:06.739 [info] > git show --textconv :script.js [3ms]
2023-10-03 18:16:06.740 [info] > git ls-files --stage -- /home/mmtrent/repos/library/script.js [1ms]
2023-10-03 18:16:06.743 [info] > git cat-file -s 65347a06906c50a1efe200474b92c915bc11ee67 [0ms]
2023-10-03 18:17:46.758 [info] > git config --get commit.template [3ms]
2023-10-03 18:17:46.758 [info] > git for-each-ref --format=%(refname)%00%(upstream:short)%00%(objectname)%00%(upstream:track)%00%(upstream:remotename)%00%(upstream:remoteref) refs/heads/classRefactor refs/remotes/classRefactor [1ms]
2023-10-03 18:17:46.761 [info] > git status -z -uall [1ms]
2023-10-03 18:17:46.859 [info] > git ls-files --stage -- /home/mmtrent/repos/library/script.js [3ms]
2023-10-03 18:17:46.875 [info] > git cat-file -s 65347a06906c50a1efe200474b92c915bc11ee67 [3ms]
2023-10-03 18:17:46.897 [info] > git show --textconv :script.js [4ms]
2023-10-03 18:17:48.467 [info] > git ls-files --stage -- /home/mmtrent/repos/library/script.js [0ms]
2023-10-03 18:17:48.469 [info] > git cat-file -s 65347a06906c50a1efe200474b92c915bc11ee67 [0ms]
2023-10-03 18:17:48.473 [info] > git show --textconv :script.js [1ms]
2023-10-03 18:17:51.784 [info] > git config --get commit.template [3ms]
2023-10-03 18:17:51.784 [info] > git for-each-ref --format=%(refname)%00%(upstream:short)%00%(objectname)%00%(upstream:track)%00%(upstream:remotename)%00%(upstream:remoteref) refs/heads/classRefactor refs/remotes/classRefactor [0ms]
2023-10-03 18:17:51.789 [info] > git status -z -uall [1ms]
2023-10-03 18:18:22.136 [info] > git config --get commit.template [3ms]
2023-10-03 18:18:22.137 [info] > git for-each-ref --format=%(refname)%00%(upstream:short)%00%(objectname)%00%(upstream:track)%00%(upstream:remotename)%00%(upstream:remoteref) refs/heads/classRefactor refs/remotes/classRefactor [1ms]
2023-10-03 18:18:22.140 [info] > git status -z -uall [1ms]
2023-10-03 18:18:22.242 [info] > git ls-files --stage -- /home/mmtrent/repos/library/script.js [0ms]
2023-10-03 18:18:22.245 [info] > git cat-file -s 65347a06906c50a1efe200474b92c915bc11ee67 [0ms]
2023-10-03 18:18:22.249 [info] > git show --textconv :script.js [0ms]
2023-10-03 18:18:23.724 [info] > git ls-files --stage -- /home/mmtrent/repos/library/script.js [2ms]
2023-10-03 18:18:23.728 [info] > git cat-file -s d890e27ee374b0720618833915cee0c274b20d23 [1ms]
2023-10-03 18:18:23.732 [info] > git show --textconv :script.js [0ms]
2023-10-03 18:18:27.175 [info] > git config --get commit.template [15ms]
2023-10-03 18:18:27.177 [info] > git for-each-ref --format=%(refname)%00%(upstream:short)%00%(objectname)%00%(upstream:track)%00%(upstream:remotename)%00%(upstream:remoteref) refs/heads/classRefactor refs/remotes/classRefactor [4ms]
2023-10-03 18:18:27.194 [info] > git status -z -uall [5ms]
2023-10-03 18:18:28.774 [info] > git ls-files --stage -- /home/mmtrent/repos/library/script.js [1ms]
2023-10-03 18:18:28.778 [info] > git cat-file -s d890e27ee374b0720618833915cee0c274b20d23 [1ms]
2023-10-03 18:18:28.782 [info] > git show --textconv :script.js [1ms]
2023-10-03 18:18:33.187 [info] > git config --get commit.template [4ms]
2023-10-03 18:18:33.187 [info] > git for-each-ref --format=%(refname)%00%(upstream:short)%00%(objectname)%00%(upstream:track)%00%(upstream:remotename)%00%(upstream:remoteref) refs/heads/classRefactor refs/remotes/classRefactor [0ms]
2023-10-03 18:18:33.191 [info] > git status -z -uall [1ms]
2023-10-03 18:18:50.255 [info] > git config --get commit.template [4ms]
2023-10-03 18:18:50.255 [info] > git for-each-ref --format=%(refname)%00%(upstream:short)%00%(objectname)%00%(upstream:track)%00%(upstream:remotename)%00%(upstream:remoteref) refs/heads/classRefactor refs/remotes/classRefactor [1ms]
2023-10-03 18:18:50.259 [info] > git status -z -uall [1ms]
2023-10-03 18:25:16.859 [info] > git config --get commit.template [3ms]
2023-10-03 18:25:16.860 [info] > git for-each-ref --format=%(refname)%00%(upstream:short)%00%(objectname)%00%(upstream:track)%00%(upstream:remotename)%00%(upstream:remoteref) refs/heads/classRefactor refs/remotes/classRefactor [0ms]
2023-10-03 18:25:16.863 [info] > git status -z -uall [1ms]
2023-10-03 18:25:37.898 [info] > git config --get commit.template [5ms]
2023-10-03 18:25:37.899 [info] > git for-each-ref --format=%(refname)%00%(upstream:short)%00%(objectname)%00%(upstream:track)%00%(upstream:remotename)%00%(upstream:remoteref) refs/heads/classRefactor refs/remotes/classRefactor [1ms]
2023-10-03 18:25:37.904 [info] > git status -z -uall [0ms]
2023-10-03 18:25:58.292 [info] > git config --get commit.template [1ms]
2023-10-03 18:25:58.297 [info] > git for-each-ref --format=%(refname)%00%(upstream:short)%00%(objectname)%00%(upstream:track)%00%(upstream:remotename)%00%(upstream:remoteref) refs/heads/classRefactor refs/remotes/classRefactor [0ms]
2023-10-03 18:25:58.302 [info] > git status -z -uall [1ms]
2023-10-03 18:26:09.936 [info] > git config --get commit.template [5ms]
2023-10-03 18:26:09.936 [info] > git for-each-ref --format=%(refname)%00%(upstream:short)%00%(objectname)%00%(upstream:track)%00%(upstream:remotename)%00%(upstream:remoteref) refs/heads/classRefactor refs/remotes/classRefactor [1ms]
2023-10-03 18:26:09.940 [info] > git status -z -uall [1ms]
2023-10-03 18:26:40.450 [info] > git config --get commit.template [3ms]
2023-10-03 18:26:40.451 [info] > git for-each-ref --format=%(refname)%00%(upstream:short)%00%(objectname)%00%(upstream:track)%00%(upstream:remotename)%00%(upstream:remoteref) refs/heads/classRefactor refs/remotes/classRefactor [1ms]
2023-10-03 18:26:40.454 [info] > git status -z -uall [1ms]
2023-10-03 18:26:40.543 [info] > git ls-files --stage -- /home/mmtrent/repos/library/script.js [1ms]
2023-10-03 18:26:40.546 [info] > git cat-file -s cc861010e40b133e6e7bff747d9cae9e1abdba79 [1ms]
2023-10-03 18:26:40.550 [info] > git show --textconv :script.js [1ms]
2023-10-03 18:26:51.743 [info] > git config --get commit.template [3ms]
2023-10-03 18:26:51.743 [info] > git for-each-ref --format=%(refname)%00%(upstream:short)%00%(objectname)%00%(upstream:track)%00%(upstream:remotename)%00%(upstream:remoteref) refs/heads/classRefactor refs/remotes/classRefactor [0ms]
2023-10-03 18:26:51.748 [info] > git status -z -uall [1ms]
2023-10-03 18:26:51.837 [info] > git ls-files --stage -- /home/mmtrent/repos/library/script.js [1ms]
2023-10-03 18:26:51.840 [info] > git cat-file -s cc861010e40b133e6e7bff747d9cae9e1abdba79 [1ms]
2023-10-03 18:26:51.844 [info] > git show --textconv :script.js [1ms]
