2023-09-16T22:35:05.553Z [Modules] Modules initializing
2023-09-16T22:35:05.553Z [Modules] Distribution: remote
2023-09-16T22:35:05.553Z [Modules] Host updates: enabled
2023-09-16T22:35:05.553Z [Modules] Module updates: enabled
2023-09-16T22:35:05.554Z [Modules] Module install path: /home/mmtrent/.config/discord/0.0.29/modules
2023-09-16T22:35:05.554Z [Modules] Module installed file path: /home/mmtrent/.config/discord/0.0.29/modules/installed.json
2023-09-16T22:35:05.554Z [Modules] Module download path: /home/mmtrent/.config/discord/0.0.29/modules/pending
2023-09-16T22:35:05.673Z [Modules] Bootstrapping...
2023-09-16T22:35:05.674Z [Modules] Installing discord_desktop_core@0 from /opt/discord/resources/bootstrap/discord_desktop_core.zip
2023-09-16T22:35:05.676Z [Modules] Failed installing discord_desktop_core@0: Error: ENOENT: no such file or directory, open '/opt/discord/resources/bootstrap/discord_desktop_core.zip'
2023-09-16T22:35:05.677Z [Modules] Installing discord_erlpack@0 from /opt/discord/resources/bootstrap/discord_erlpack.zip
2023-09-16T22:35:05.677Z [Modules] Failed installing discord_erlpack@0: Error: ENOENT: no such file or directory, open '/opt/discord/resources/bootstrap/discord_erlpack.zip'
2023-09-16T22:35:05.678Z [Modules] Installing discord_spellcheck@0 from /opt/discord/resources/bootstrap/discord_spellcheck.zip
2023-09-16T22:35:05.678Z [Modules] Failed installing discord_spellcheck@0: Error: ENOENT: no such file or directory, open '/opt/discord/resources/bootstrap/discord_spellcheck.zip'
2023-09-16T22:35:05.678Z [Modules] Installing discord_utils@0 from /opt/discord/resources/bootstrap/discord_utils.zip
2023-09-16T22:35:05.679Z [Modules] Failed installing discord_utils@0: Error: ENOENT: no such file or directory, open '/opt/discord/resources/bootstrap/discord_utils.zip'
2023-09-16T22:35:05.679Z [Modules] Installing discord_voice@0 from /opt/discord/resources/bootstrap/discord_voice.zip
2023-09-16T22:35:05.680Z [Modules] Failed installing discord_voice@0: Error: ENOENT: no such file or directory, open '/opt/discord/resources/bootstrap/discord_voice.zip'
2023-09-16T22:35:05.680Z [Modules] Finished module installations. [success: 0] [failure: 5]
2023-09-16T22:35:05.680Z [Modules] Checking for host updates.
2023-09-16T22:35:05.924Z [Modules] Host is up to date.
2023-09-16T22:35:05.924Z [Modules] Checking for module updates at https://discord.com/api/modules/stable/versions.json
2023-09-16T22:35:06.042Z [Modules] Module update available: discord_desktop_core@2 [installed: 0]
2023-09-16T22:35:06.042Z [Modules] Module update available: discord_erlpack@1 [installed: 0]
2023-09-16T22:35:06.042Z [Modules] Module update available: discord_spellcheck@1 [installed: 0]
2023-09-16T22:35:06.042Z [Modules] Module update available: discord_utils@2 [installed: 0]
2023-09-16T22:35:06.042Z [Modules] Module update available: discord_voice@2 [installed: 0]
2023-09-16T22:35:06.043Z [Modules] Fetching discord_desktop_core@2 from https://discord.com/api/modules/stable/discord_desktop_core/2
2023-09-16T22:35:06.043Z [Modules] Streaming discord_desktop_core@2 to /home/mmtrent/.config/discord/0.0.29/modules/pending/discord_desktop_core-2.zip
2023-09-16T22:35:06.457Z [Modules] Streaming discord_desktop_core@2 to /home/mmtrent/.config/discord/0.0.29/modules/pending/discord_desktop_core-2.zip: 1%
2023-09-16T22:35:06.473Z [Modules] Streaming discord_desktop_core@2 to /home/mmtrent/.config/discord/0.0.29/modules/pending/discord_desktop_core-2.zip: 2%
2023-09-16T22:35:06.496Z [Modules] Streaming discord_desktop_core@2 to /home/mmtrent/.config/discord/0.0.29/modules/pending/discord_desktop_core-2.zip: 3%
2023-09-16T22:35:06.511Z [Modules] Streaming discord_desktop_core@2 to /home/mmtrent/.config/discord/0.0.29/modules/pending/discord_desktop_core-2.zip: 4%
2023-09-16T22:35:06.521Z [Modules] Streaming discord_desktop_core@2 to /home/mmtrent/.config/discord/0.0.29/modules/pending/discord_desktop_core-2.zip: 5%
2023-09-16T22:35:06.531Z [Modules] Streaming discord_desktop_core@2 to /home/mmtrent/.config/discord/0.0.29/modules/pending/discord_desktop_core-2.zip: 6%
2023-09-16T22:35:06.538Z [Modules] Streaming discord_desktop_core@2 to /home/mmtrent/.config/discord/0.0.29/modules/pending/discord_desktop_core-2.zip: 7%
2023-09-16T22:35:06.545Z [Modules] Streaming discord_desktop_core@2 to /home/mmtrent/.config/discord/0.0.29/modules/pending/discord_desktop_core-2.zip: 8%
2023-09-16T22:35:06.556Z [Modules] Streaming discord_desktop_core@2 to /home/mmtrent/.config/discord/0.0.29/modules/pending/discord_desktop_core-2.zip: 9%
2023-09-16T22:35:06.559Z [Modules] Streaming discord_desktop_core@2 to /home/mmtrent/.config/discord/0.0.29/modules/pending/discord_desktop_core-2.zip: 10%
2023-09-16T22:35:06.565Z [Modules] Streaming discord_desktop_core@2 to /home/mmtrent/.config/discord/0.0.29/modules/pending/discord_desktop_core-2.zip: 11%
2023-09-16T22:35:06.568Z [Modules] Streaming discord_desktop_core@2 to /home/mmtrent/.config/discord/0.0.29/modules/pending/discord_desktop_core-2.zip: 12%
2023-09-16T22:35:06.571Z [Modules] Streaming discord_desktop_core@2 to /home/mmtrent/.config/discord/0.0.29/modules/pending/discord_desktop_core-2.zip: 13%
2023-09-16T22:35:06.576Z [Modules] Streaming discord_desktop_core@2 to /home/mmtrent/.config/discord/0.0.29/modules/pending/discord_desktop_core-2.zip: 14%
2023-09-16T22:35:06.578Z [Modules] Streaming discord_desktop_core@2 to /home/mmtrent/.config/discord/0.0.29/modules/pending/discord_desktop_core-2.zip: 15%
2023-09-16T22:35:06.584Z [Modules] Streaming discord_desktop_core@2 to /home/mmtrent/.config/discord/0.0.29/modules/pending/discord_desktop_core-2.zip: 16%
2023-09-16T22:35:06.587Z [Modules] Streaming discord_desktop_core@2 to /home/mmtrent/.config/discord/0.0.29/modules/pending/discord_desktop_core-2.zip: 17%
2023-09-16T22:35:06.593Z [Modules] Streaming discord_desktop_core@2 to /home/mmtrent/.config/discord/0.0.29/modules/pending/discord_desktop_core-2.zip: 18%
2023-09-16T22:35:06.596Z [Modules] Streaming discord_desktop_core@2 to /home/mmtrent/.config/discord/0.0.29/modules/pending/discord_desktop_core-2.zip: 19%
2023-09-16T22:35:06.601Z [Modules] Streaming discord_desktop_core@2 to /home/mmtrent/.config/discord/0.0.29/modules/pending/discord_desktop_core-2.zip: 20%
2023-09-16T22:35:06.603Z [Modules] Streaming discord_desktop_core@2 to /home/mmtrent/.config/discord/0.0.29/modules/pending/discord_desktop_core-2.zip: 21%
2023-09-16T22:35:06.605Z [Modules] Streaming discord_desktop_core@2 to /home/mmtrent/.config/discord/0.0.29/modules/pending/discord_desktop_core-2.zip: 22%
2023-09-16T22:35:06.606Z [Modules] Streaming discord_desktop_core@2 to /home/mmtrent/.config/discord/0.0.29/modules/pending/discord_desktop_core-2.zip: 23%
2023-09-16T22:35:06.608Z [Modules] Streaming discord_desktop_core@2 to /home/mmtrent/.config/discord/0.0.29/modules/pending/discord_desktop_core-2.zip: 24%
2023-09-16T22:35:06.612Z [Modules] Streaming discord_desktop_core@2 to /home/mmtrent/.config/discord/0.0.29/modules/pending/discord_desktop_core-2.zip: 26%
2023-09-16T22:35:06.616Z [Modules] Streaming discord_desktop_core@2 to /home/mmtrent/.config/discord/0.0.29/modules/pending/discord_desktop_core-2.zip: 29%
2023-09-16T22:35:06.619Z [Modules] Streaming discord_desktop_core@2 to /home/mmtrent/.config/discord/0.0.29/modules/pending/discord_desktop_core-2.zip: 30%
2023-09-16T22:35:06.621Z [Modules] Streaming discord_desktop_core@2 to /home/mmtrent/.config/discord/0.0.29/modules/pending/discord_desktop_core-2.zip: 31%
2023-09-16T22:35:06.623Z [Modules] Streaming discord_desktop_core@2 to /home/mmtrent/.config/discord/0.0.29/modules/pending/discord_desktop_core-2.zip: 32%
2023-09-16T22:35:06.626Z [Modules] Streaming discord_desktop_core@2 to /home/mmtrent/.config/discord/0.0.29/modules/pending/discord_desktop_core-2.zip: 35%
2023-09-16T22:35:06.628Z [Modules] Streaming discord_desktop_core@2 to /home/mmtrent/.config/discord/0.0.29/modules/pending/discord_desktop_core-2.zip: 36%
2023-09-16T22:35:06.631Z [Modules] Streaming discord_desktop_core@2 to /home/mmtrent/.config/discord/0.0.29/modules/pending/discord_desktop_core-2.zip: 38%
2023-09-16T22:35:06.638Z [Modules] Streaming discord_desktop_core@2 to /home/mmtrent/.config/discord/0.0.29/modules/pending/discord_desktop_core-2.zip: 39%
2023-09-16T22:35:06.640Z [Modules] Streaming discord_desktop_core@2 to /home/mmtrent/.config/discord/0.0.29/modules/pending/discord_desktop_core-2.zip: 41%
2023-09-16T22:35:06.645Z [Modules] Streaming discord_desktop_core@2 to /home/mmtrent/.config/discord/0.0.29/modules/pending/discord_desktop_core-2.zip: 44%
2023-09-16T22:35:06.647Z [Modules] Streaming discord_desktop_core@2 to /home/mmtrent/.config/discord/0.0.29/modules/pending/discord_desktop_core-2.zip: 47%
2023-09-16T22:35:06.650Z [Modules] Streaming discord_desktop_core@2 to /home/mmtrent/.config/discord/0.0.29/modules/pending/discord_desktop_core-2.zip: 50%
2023-09-16T22:35:06.654Z [Modules] Streaming discord_desktop_core@2 to /home/mmtrent/.config/discord/0.0.29/modules/pending/discord_desktop_core-2.zip: 52%
2023-09-16T22:35:06.657Z [Modules] Streaming discord_desktop_core@2 to /home/mmtrent/.config/discord/0.0.29/modules/pending/discord_desktop_core-2.zip: 55%
2023-09-16T22:35:06.659Z [Modules] Streaming discord_desktop_core@2 to /home/mmtrent/.config/discord/0.0.29/modules/pending/discord_desktop_core-2.zip: 58%
2023-09-16T22:35:06.661Z [Modules] Streaming discord_desktop_core@2 to /home/mmtrent/.config/discord/0.0.29/modules/pending/discord_desktop_core-2.zip: 59%
2023-09-16T22:35:06.664Z [Modules] Streaming discord_desktop_core@2 to /home/mmtrent/.config/discord/0.0.29/modules/pending/discord_desktop_core-2.zip: 62%
2023-09-16T22:35:06.666Z [Modules] Streaming discord_desktop_core@2 to /home/mmtrent/.config/discord/0.0.29/modules/pending/discord_desktop_core-2.zip: 65%
2023-09-16T22:35:06.668Z [Modules] Streaming discord_desktop_core@2 to /home/mmtrent/.config/discord/0.0.29/modules/pending/discord_desktop_core-2.zip: 68%
2023-09-16T22:35:06.671Z [Modules] Streaming discord_desktop_core@2 to /home/mmtrent/.config/discord/0.0.29/modules/pending/discord_desktop_core-2.zip: 69%
2023-09-16T22:35:06.672Z [Modules] Streaming discord_desktop_core@2 to /home/mmtrent/.config/discord/0.0.29/modules/pending/discord_desktop_core-2.zip: 73%
2023-09-16T22:35:06.675Z [Modules] Streaming discord_desktop_core@2 to /home/mmtrent/.config/discord/0.0.29/modules/pending/discord_desktop_core-2.zip: 76%
2023-09-16T22:35:06.675Z [Modules] Streaming discord_desktop_core@2 to /home/mmtrent/.config/discord/0.0.29/modules/pending/discord_desktop_core-2.zip: 77%
2023-09-16T22:35:06.677Z [Modules] Streaming discord_desktop_core@2 to /home/mmtrent/.config/discord/0.0.29/modules/pending/discord_desktop_core-2.zip: 79%
2023-09-16T22:35:06.682Z [Modules] Streaming discord_desktop_core@2 to /home/mmtrent/.config/discord/0.0.29/modules/pending/discord_desktop_core-2.zip: 80%
2023-09-16T22:35:06.685Z [Modules] Streaming discord_desktop_core@2 to /home/mmtrent/.config/discord/0.0.29/modules/pending/discord_desktop_core-2.zip: 83%
2023-09-16T22:35:06.686Z [Modules] Streaming discord_desktop_core@2 to /home/mmtrent/.config/discord/0.0.29/modules/pending/discord_desktop_core-2.zip: 87%
2023-09-16T22:35:06.688Z [Modules] Streaming discord_desktop_core@2 to /home/mmtrent/.config/discord/0.0.29/modules/pending/discord_desktop_core-2.zip: 90%
2023-09-16T22:35:06.690Z [Modules] Streaming discord_desktop_core@2 to /home/mmtrent/.config/discord/0.0.29/modules/pending/discord_desktop_core-2.zip: 93%
2023-09-16T22:35:06.691Z [Modules] Streaming discord_desktop_core@2 to /home/mmtrent/.config/discord/0.0.29/modules/pending/discord_desktop_core-2.zip: 96%
2023-09-16T22:35:06.694Z [Modules] Streaming discord_desktop_core@2 to /home/mmtrent/.config/discord/0.0.29/modules/pending/discord_desktop_core-2.zip: 99%
2023-09-16T22:35:06.694Z [Modules] Streaming discord_desktop_core@2 to /home/mmtrent/.config/discord/0.0.29/modules/pending/discord_desktop_core-2.zip: 100%
2023-09-16T22:35:06.696Z [Modules] Fetching discord_erlpack@1 from https://discord.com/api/modules/stable/discord_erlpack/1
2023-09-16T22:35:06.696Z [Modules] Streaming discord_erlpack@1 to /home/mmtrent/.config/discord/0.0.29/modules/pending/discord_erlpack-1.zip
2023-09-16T22:35:06.870Z [Modules] Streaming discord_erlpack@1 to /home/mmtrent/.config/discord/0.0.29/modules/pending/discord_erlpack-1.zip: 3%
2023-09-16T22:35:06.871Z [Modules] Streaming discord_erlpack@1 to /home/mmtrent/.config/discord/0.0.29/modules/pending/discord_erlpack-1.zip: 5%
2023-09-16T22:35:06.872Z [Modules] Streaming discord_erlpack@1 to /home/mmtrent/.config/discord/0.0.29/modules/pending/discord_erlpack-1.zip: 9%
2023-09-16T22:35:06.873Z [Modules] Streaming discord_erlpack@1 to /home/mmtrent/.config/discord/0.0.29/modules/pending/discord_erlpack-1.zip: 12%
2023-09-16T22:35:06.874Z [Modules] Streaming discord_erlpack@1 to /home/mmtrent/.config/discord/0.0.29/modules/pending/discord_erlpack-1.zip: 16%
2023-09-16T22:35:06.875Z [Modules] Streaming discord_erlpack@1 to /home/mmtrent/.config/discord/0.0.29/modules/pending/discord_erlpack-1.zip: 19%
2023-09-16T22:35:06.876Z [Modules] Streaming discord_erlpack@1 to /home/mmtrent/.config/discord/0.0.29/modules/pending/discord_erlpack-1.zip: 23%
2023-09-16T22:35:06.877Z [Modules] Streaming discord_erlpack@1 to /home/mmtrent/.config/discord/0.0.29/modules/pending/discord_erlpack-1.zip: 26%
2023-09-16T22:35:06.878Z [Modules] Streaming discord_erlpack@1 to /home/mmtrent/.config/discord/0.0.29/modules/pending/discord_erlpack-1.zip: 29%
2023-09-16T22:35:06.879Z [Modules] Streaming discord_erlpack@1 to /home/mmtrent/.config/discord/0.0.29/modules/pending/discord_erlpack-1.zip: 33%
2023-09-16T22:35:06.879Z [Modules] Streaming discord_erlpack@1 to /home/mmtrent/.config/discord/0.0.29/modules/pending/discord_erlpack-1.zip: 36%
2023-09-16T22:35:06.880Z [Modules] Streaming discord_erlpack@1 to /home/mmtrent/.config/discord/0.0.29/modules/pending/discord_erlpack-1.zip: 40%
2023-09-16T22:35:06.881Z [Modules] Streaming discord_erlpack@1 to /home/mmtrent/.config/discord/0.0.29/modules/pending/discord_erlpack-1.zip: 43%
2023-09-16T22:35:06.882Z [Modules] Streaming discord_erlpack@1 to /home/mmtrent/.config/discord/0.0.29/modules/pending/discord_erlpack-1.zip: 47%
2023-09-16T22:35:06.883Z [Modules] Streaming discord_erlpack@1 to /home/mmtrent/.config/discord/0.0.29/modules/pending/discord_erlpack-1.zip: 50%
2023-09-16T22:35:06.885Z [Modules] Streaming discord_erlpack@1 to /home/mmtrent/.config/discord/0.0.29/modules/pending/discord_erlpack-1.zip: 53%
2023-09-16T22:35:06.886Z [Modules] Streaming discord_erlpack@1 to /home/mmtrent/.config/discord/0.0.29/modules/pending/discord_erlpack-1.zip: 57%
2023-09-16T22:35:06.887Z [Modules] Streaming discord_erlpack@1 to /home/mmtrent/.config/discord/0.0.29/modules/pending/discord_erlpack-1.zip: 60%
2023-09-16T22:35:06.887Z [Modules] Streaming discord_erlpack@1 to /home/mmtrent/.config/discord/0.0.29/modules/pending/discord_erlpack-1.zip: 64%
2023-09-16T22:35:06.889Z [Modules] Streaming discord_erlpack@1 to /home/mmtrent/.config/discord/0.0.29/modules/pending/discord_erlpack-1.zip: 66%
2023-09-16T22:35:06.891Z [Modules] Streaming discord_erlpack@1 to /home/mmtrent/.config/discord/0.0.29/modules/pending/discord_erlpack-1.zip: 70%
2023-09-16T22:35:06.891Z [Modules] Streaming discord_erlpack@1 to /home/mmtrent/.config/discord/0.0.29/modules/pending/discord_erlpack-1.zip: 73%
2023-09-16T22:35:06.892Z [Modules] Streaming discord_erlpack@1 to /home/mmtrent/.config/discord/0.0.29/modules/pending/discord_erlpack-1.zip: 76%
2023-09-16T22:35:06.893Z [Modules] Streaming discord_erlpack@1 to /home/mmtrent/.config/discord/0.0.29/modules/pending/discord_erlpack-1.zip: 80%
2023-09-16T22:35:06.894Z [Modules] Streaming discord_erlpack@1 to /home/mmtrent/.config/discord/0.0.29/modules/pending/discord_erlpack-1.zip: 83%
2023-09-16T22:35:06.895Z [Modules] Streaming discord_erlpack@1 to /home/mmtrent/.config/discord/0.0.29/modules/pending/discord_erlpack-1.zip: 87%
2023-09-16T22:35:06.896Z [Modules] Streaming discord_erlpack@1 to /home/mmtrent/.config/discord/0.0.29/modules/pending/discord_erlpack-1.zip: 90%
2023-09-16T22:35:06.897Z [Modules] Streaming discord_erlpack@1 to /home/mmtrent/.config/discord/0.0.29/modules/pending/discord_erlpack-1.zip: 94%
2023-09-16T22:35:06.898Z [Modules] Streaming discord_erlpack@1 to /home/mmtrent/.config/discord/0.0.29/modules/pending/discord_erlpack-1.zip: 98%
2023-09-16T22:35:06.899Z [Modules] Streaming discord_erlpack@1 to /home/mmtrent/.config/discord/0.0.29/modules/pending/discord_erlpack-1.zip: 100%
2023-09-16T22:35:06.899Z [Modules] Fetching discord_spellcheck@1 from https://discord.com/api/modules/stable/discord_spellcheck/1
2023-09-16T22:35:06.899Z [Modules] Streaming discord_spellcheck@1 to /home/mmtrent/.config/discord/0.0.29/modules/pending/discord_spellcheck-1.zip
2023-09-16T22:35:07.083Z [Modules] Streaming discord_spellcheck@1 to /home/mmtrent/.config/discord/0.0.29/modules/pending/discord_spellcheck-1.zip: 1%
2023-09-16T22:35:07.085Z [Modules] Streaming discord_spellcheck@1 to /home/mmtrent/.config/discord/0.0.29/modules/pending/discord_spellcheck-1.zip: 2%
2023-09-16T22:35:07.086Z [Modules] Streaming discord_spellcheck@1 to /home/mmtrent/.config/discord/0.0.29/modules/pending/discord_spellcheck-1.zip: 3%
2023-09-16T22:35:07.087Z [Modules] Streaming discord_spellcheck@1 to /home/mmtrent/.config/discord/0.0.29/modules/pending/discord_spellcheck-1.zip: 4%
2023-09-16T22:35:07.088Z [Modules] Streaming discord_spellcheck@1 to /home/mmtrent/.config/discord/0.0.29/modules/pending/discord_spellcheck-1.zip: 5%
2023-09-16T22:35:07.090Z [Modules] Streaming discord_spellcheck@1 to /home/mmtrent/.config/discord/0.0.29/modules/pending/discord_spellcheck-1.zip: 6%
2023-09-16T22:35:07.092Z [Modules] Streaming discord_spellcheck@1 to /home/mmtrent/.config/discord/0.0.29/modules/pending/discord_spellcheck-1.zip: 7%
2023-09-16T22:35:07.093Z [Modules] Streaming discord_spellcheck@1 to /home/mmtrent/.config/discord/0.0.29/modules/pending/discord_spellcheck-1.zip: 8%
2023-09-16T22:35:07.095Z [Modules] Streaming discord_spellcheck@1 to /home/mmtrent/.config/discord/0.0.29/modules/pending/discord_spellcheck-1.zip: 9%
2023-09-16T22:35:07.096Z [Modules] Streaming discord_spellcheck@1 to /home/mmtrent/.config/discord/0.0.29/modules/pending/discord_spellcheck-1.zip: 10%
2023-09-16T22:35:07.098Z [Modules] Streaming discord_spellcheck@1 to /home/mmtrent/.config/discord/0.0.29/modules/pending/discord_spellcheck-1.zip: 11%
2023-09-16T22:35:07.100Z [Modules] Streaming discord_spellcheck@1 to /home/mmtrent/.config/discord/0.0.29/modules/pending/discord_spellcheck-1.zip: 12%
2023-09-16T22:35:07.101Z [Modules] Streaming discord_spellcheck@1 to /home/mmtrent/.config/discord/0.0.29/modules/pending/discord_spellcheck-1.zip: 13%
2023-09-16T22:35:07.102Z [Modules] Streaming discord_spellcheck@1 to /home/mmtrent/.config/discord/0.0.29/modules/pending/discord_spellcheck-1.zip: 14%
2023-09-16T22:35:07.103Z [Modules] Streaming discord_spellcheck@1 to /home/mmtrent/.config/discord/0.0.29/modules/pending/discord_spellcheck-1.zip: 15%
2023-09-16T22:35:07.104Z [Modules] Streaming discord_spellcheck@1 to /home/mmtrent/.config/discord/0.0.29/modules/pending/discord_spellcheck-1.zip: 16%
2023-09-16T22:35:07.106Z [Modules] Streaming discord_spellcheck@1 to /home/mmtrent/.config/discord/0.0.29/modules/pending/discord_spellcheck-1.zip: 17%
2023-09-16T22:35:07.108Z [Modules] Streaming discord_spellcheck@1 to /home/mmtrent/.config/discord/0.0.29/modules/pending/discord_spellcheck-1.zip: 18%
2023-09-16T22:35:07.109Z [Modules] Streaming discord_spellcheck@1 to /home/mmtrent/.config/discord/0.0.29/modules/pending/discord_spellcheck-1.zip: 19%
2023-09-16T22:35:07.110Z [Modules] Streaming discord_spellcheck@1 to /home/mmtrent/.config/discord/0.0.29/modules/pending/discord_spellcheck-1.zip: 20%
2023-09-16T22:35:07.111Z [Modules] Streaming discord_spellcheck@1 to /home/mmtrent/.config/discord/0.0.29/modules/pending/discord_spellcheck-1.zip: 21%
2023-09-16T22:35:07.113Z [Modules] Streaming discord_spellcheck@1 to /home/mmtrent/.config/discord/0.0.29/modules/pending/discord_spellcheck-1.zip: 22%
2023-09-16T22:35:07.114Z [Modules] Streaming discord_spellcheck@1 to /home/mmtrent/.config/discord/0.0.29/modules/pending/discord_spellcheck-1.zip: 23%
2023-09-16T22:35:07.118Z [Modules] Streaming discord_spellcheck@1 to /home/mmtrent/.config/discord/0.0.29/modules/pending/discord_spellcheck-1.zip: 24%
2023-09-16T22:35:07.118Z [Modules] Streaming discord_spellcheck@1 to /home/mmtrent/.config/discord/0.0.29/modules/pending/discord_spellcheck-1.zip: 25%
2023-09-16T22:35:07.124Z [Modules] Streaming discord_spellcheck@1 to /home/mmtrent/.config/discord/0.0.29/modules/pending/discord_spellcheck-1.zip: 26%
2023-09-16T22:35:07.126Z [Modules] Streaming discord_spellcheck@1 to /home/mmtrent/.config/discord/0.0.29/modules/pending/discord_spellcheck-1.zip: 27%
2023-09-16T22:35:07.130Z [Modules] Streaming discord_spellcheck@1 to /home/mmtrent/.config/discord/0.0.29/modules/pending/discord_spellcheck-1.zip: 28%
2023-09-16T22:35:07.132Z [Modules] Streaming discord_spellcheck@1 to /home/mmtrent/.config/discord/0.0.29/modules/pending/discord_spellcheck-1.zip: 29%
2023-09-16T22:35:07.134Z [Modules] Streaming discord_spellcheck@1 to /home/mmtrent/.config/discord/0.0.29/modules/pending/discord_spellcheck-1.zip: 30%
2023-09-16T22:35:07.135Z [Modules] Streaming discord_spellcheck@1 to /home/mmtrent/.config/discord/0.0.29/modules/pending/discord_spellcheck-1.zip: 31%
2023-09-16T22:35:07.135Z [Modules] Streaming discord_spellcheck@1 to /home/mmtrent/.config/discord/0.0.29/modules/pending/discord_spellcheck-1.zip: 32%
2023-09-16T22:35:07.137Z [Modules] Streaming discord_spellcheck@1 to /home/mmtrent/.config/discord/0.0.29/modules/pending/discord_spellcheck-1.zip: 33%
2023-09-16T22:35:07.138Z [Modules] Streaming discord_spellcheck@1 to /home/mmtrent/.config/discord/0.0.29/modules/pending/discord_spellcheck-1.zip: 34%
2023-09-16T22:35:07.139Z [Modules] Streaming discord_spellcheck@1 to /home/mmtrent/.config/discord/0.0.29/modules/pending/discord_spellcheck-1.zip: 35%
2023-09-16T22:35:07.142Z [Modules] Streaming discord_spellcheck@1 to /home/mmtrent/.config/discord/0.0.29/modules/pending/discord_spellcheck-1.zip: 36%
2023-09-16T22:35:07.144Z [Modules] Streaming discord_spellcheck@1 to /home/mmtrent/.config/discord/0.0.29/modules/pending/discord_spellcheck-1.zip: 37%
2023-09-16T22:35:07.145Z [Modules] Streaming discord_spellcheck@1 to /home/mmtrent/.config/discord/0.0.29/modules/pending/discord_spellcheck-1.zip: 38%
2023-09-16T22:35:07.146Z [Modules] Streaming discord_spellcheck@1 to /home/mmtrent/.config/discord/0.0.29/modules/pending/discord_spellcheck-1.zip: 39%
2023-09-16T22:35:07.147Z [Modules] Streaming discord_spellcheck@1 to /home/mmtrent/.config/discord/0.0.29/modules/pending/discord_spellcheck-1.zip: 40%
2023-09-16T22:35:07.148Z [Modules] Streaming discord_spellcheck@1 to /home/mmtrent/.config/discord/0.0.29/modules/pending/discord_spellcheck-1.zip: 41%
2023-09-16T22:35:07.149Z [Modules] Streaming discord_spellcheck@1 to /home/mmtrent/.config/discord/0.0.29/modules/pending/discord_spellcheck-1.zip: 42%
2023-09-16T22:35:07.151Z [Modules] Streaming discord_spellcheck@1 to /home/mmtrent/.config/discord/0.0.29/modules/pending/discord_spellcheck-1.zip: 43%
2023-09-16T22:35:07.151Z [Modules] Streaming discord_spellcheck@1 to /home/mmtrent/.config/discord/0.0.29/modules/pending/discord_spellcheck-1.zip: 44%
2023-09-16T22:35:07.153Z [Modules] Streaming discord_spellcheck@1 to /home/mmtrent/.config/discord/0.0.29/modules/pending/discord_spellcheck-1.zip: 45%
2023-09-16T22:35:07.153Z [Modules] Streaming discord_spellcheck@1 to /home/mmtrent/.config/discord/0.0.29/modules/pending/discord_spellcheck-1.zip: 46%
2023-09-16T22:35:07.154Z [Modules] Streaming discord_spellcheck@1 to /home/mmtrent/.config/discord/0.0.29/modules/pending/discord_spellcheck-1.zip: 47%
2023-09-16T22:35:07.156Z [Modules] Streaming discord_spellcheck@1 to /home/mmtrent/.config/discord/0.0.29/modules/pending/discord_spellcheck-1.zip: 48%
2023-09-16T22:35:07.156Z [Modules] Streaming discord_spellcheck@1 to /home/mmtrent/.config/discord/0.0.29/modules/pending/discord_spellcheck-1.zip: 49%
2023-09-16T22:35:07.158Z [Modules] Streaming discord_spellcheck@1 to /home/mmtrent/.config/discord/0.0.29/modules/pending/discord_spellcheck-1.zip: 50%
2023-09-16T22:35:07.159Z [Modules] Streaming discord_spellcheck@1 to /home/mmtrent/.config/discord/0.0.29/modules/pending/discord_spellcheck-1.zip: 51%
2023-09-16T22:35:07.159Z [Modules] Streaming discord_spellcheck@1 to /home/mmtrent/.config/discord/0.0.29/modules/pending/discord_spellcheck-1.zip: 52%
2023-09-16T22:35:07.160Z [Modules] Streaming discord_spellcheck@1 to /home/mmtrent/.config/discord/0.0.29/modules/pending/discord_spellcheck-1.zip: 53%
2023-09-16T22:35:07.161Z [Modules] Streaming discord_spellcheck@1 to /home/mmtrent/.config/discord/0.0.29/modules/pending/discord_spellcheck-1.zip: 54%
2023-09-16T22:35:07.162Z [Modules] Streaming discord_spellcheck@1 to /home/mmtrent/.config/discord/0.0.29/modules/pending/discord_spellcheck-1.zip: 55%
2023-09-16T22:35:07.163Z [Modules] Streaming discord_spellcheck@1 to /home/mmtrent/.config/discord/0.0.29/modules/pending/discord_spellcheck-1.zip: 56%
2023-09-16T22:35:07.164Z [Modules] Streaming discord_spellcheck@1 to /home/mmtrent/.config/discord/0.0.29/modules/pending/discord_spellcheck-1.zip: 57%
2023-09-16T22:35:07.164Z [Modules] Streaming discord_spellcheck@1 to /home/mmtrent/.config/discord/0.0.29/modules/pending/discord_spellcheck-1.zip: 58%
2023-09-16T22:35:07.166Z [Modules] Streaming discord_spellcheck@1 to /home/mmtrent/.config/discord/0.0.29/modules/pending/discord_spellcheck-1.zip: 59%
2023-09-16T22:35:07.169Z [Modules] Streaming discord_spellcheck@1 to /home/mmtrent/.config/discord/0.0.29/modules/pending/discord_spellcheck-1.zip: 60%
2023-09-16T22:35:07.175Z [Modules] Streaming discord_spellcheck@1 to /home/mmtrent/.config/discord/0.0.29/modules/pending/discord_spellcheck-1.zip: 61%
2023-09-16T22:35:07.175Z [Modules] Streaming discord_spellcheck@1 to /home/mmtrent/.config/discord/0.0.29/modules/pending/discord_spellcheck-1.zip: 62%
2023-09-16T22:35:07.176Z [Modules] Streaming discord_spellcheck@1 to /home/mmtrent/.config/discord/0.0.29/modules/pending/discord_spellcheck-1.zip: 63%
2023-09-16T22:35:07.181Z [Modules] Streaming discord_spellcheck@1 to /home/mmtrent/.config/discord/0.0.29/modules/pending/discord_spellcheck-1.zip: 64%
2023-09-16T22:35:07.182Z [Modules] Streaming discord_spellcheck@1 to /home/mmtrent/.config/discord/0.0.29/modules/pending/discord_spellcheck-1.zip: 65%
2023-09-16T22:35:07.186Z [Modules] Streaming discord_spellcheck@1 to /home/mmtrent/.config/discord/0.0.29/modules/pending/discord_spellcheck-1.zip: 68%
2023-09-16T22:35:07.187Z [Modules] Streaming discord_spellcheck@1 to /home/mmtrent/.config/discord/0.0.29/modules/pending/discord_spellcheck-1.zip: 69%
2023-09-16T22:35:07.187Z [Modules] Streaming discord_spellcheck@1 to /home/mmtrent/.config/discord/0.0.29/modules/pending/discord_spellcheck-1.zip: 70%
2023-09-16T22:35:07.189Z [Modules] Streaming discord_spellcheck@1 to /home/mmtrent/.config/discord/0.0.29/modules/pending/discord_spellcheck-1.zip: 71%
2023-09-16T22:35:07.189Z [Modules] Streaming discord_spellcheck@1 to /home/mmtrent/.config/discord/0.0.29/modules/pending/discord_spellcheck-1.zip: 72%
2023-09-16T22:35:07.193Z [Modules] Streaming discord_spellcheck@1 to /home/mmtrent/.config/discord/0.0.29/modules/pending/discord_spellcheck-1.zip: 73%
2023-09-16T22:35:07.195Z [Modules] Streaming discord_spellcheck@1 to /home/mmtrent/.config/discord/0.0.29/modules/pending/discord_spellcheck-1.zip: 74%
2023-09-16T22:35:07.197Z [Modules] Streaming discord_spellcheck@1 to /home/mmtrent/.config/discord/0.0.29/modules/pending/discord_spellcheck-1.zip: 75%
2023-09-16T22:35:07.199Z [Modules] Streaming discord_spellcheck@1 to /home/mmtrent/.config/discord/0.0.29/modules/pending/discord_spellcheck-1.zip: 76%
2023-09-16T22:35:07.200Z [Modules] Streaming discord_spellcheck@1 to /home/mmtrent/.config/discord/0.0.29/modules/pending/discord_spellcheck-1.zip: 77%
2023-09-16T22:35:07.201Z [Modules] Streaming discord_spellcheck@1 to /home/mmtrent/.config/discord/0.0.29/modules/pending/discord_spellcheck-1.zip: 78%
2023-09-16T22:35:07.202Z [Modules] Streaming discord_spellcheck@1 to /home/mmtrent/.config/discord/0.0.29/modules/pending/discord_spellcheck-1.zip: 79%
2023-09-16T22:35:07.204Z [Modules] Streaming discord_spellcheck@1 to /home/mmtrent/.config/discord/0.0.29/modules/pending/discord_spellcheck-1.zip: 80%
2023-09-16T22:35:07.205Z [Modules] Streaming discord_spellcheck@1 to /home/mmtrent/.config/discord/0.0.29/modules/pending/discord_spellcheck-1.zip: 81%
2023-09-16T22:35:07.207Z [Modules] Streaming discord_spellcheck@1 to /home/mmtrent/.config/discord/0.0.29/modules/pending/discord_spellcheck-1.zip: 82%
2023-09-16T22:35:07.208Z [Modules] Streaming discord_spellcheck@1 to /home/mmtrent/.config/discord/0.0.29/modules/pending/discord_spellcheck-1.zip: 83%
2023-09-16T22:35:07.209Z [Modules] Streaming discord_spellcheck@1 to /home/mmtrent/.config/discord/0.0.29/modules/pending/discord_spellcheck-1.zip: 84%
2023-09-16T22:35:07.211Z [Modules] Streaming discord_spellcheck@1 to /home/mmtrent/.config/discord/0.0.29/modules/pending/discord_spellcheck-1.zip: 85%
2023-09-16T22:35:07.213Z [Modules] Streaming discord_spellcheck@1 to /home/mmtrent/.config/discord/0.0.29/modules/pending/discord_spellcheck-1.zip: 86%
2023-09-16T22:35:07.214Z [Modules] Streaming discord_spellcheck@1 to /home/mmtrent/.config/discord/0.0.29/modules/pending/discord_spellcheck-1.zip: 87%
2023-09-16T22:35:07.215Z [Modules] Streaming discord_spellcheck@1 to /home/mmtrent/.config/discord/0.0.29/modules/pending/discord_spellcheck-1.zip: 88%
2023-09-16T22:35:07.218Z [Modules] Streaming discord_spellcheck@1 to /home/mmtrent/.config/discord/0.0.29/modules/pending/discord_spellcheck-1.zip: 89%
2023-09-16T22:35:07.219Z [Modules] Streaming discord_spellcheck@1 to /home/mmtrent/.config/discord/0.0.29/modules/pending/discord_spellcheck-1.zip: 90%
2023-09-16T22:35:07.220Z [Modules] Streaming discord_spellcheck@1 to /home/mmtrent/.config/discord/0.0.29/modules/pending/discord_spellcheck-1.zip: 91%
2023-09-16T22:35:07.220Z [Modules] Streaming discord_spellcheck@1 to /home/mmtrent/.config/discord/0.0.29/modules/pending/discord_spellcheck-1.zip: 92%
2023-09-16T22:35:07.222Z [Modules] Streaming discord_spellcheck@1 to /home/mmtrent/.config/discord/0.0.29/modules/pending/discord_spellcheck-1.zip: 93%
2023-09-16T22:35:07.223Z [Modules] Streaming discord_spellcheck@1 to /home/mmtrent/.config/discord/0.0.29/modules/pending/discord_spellcheck-1.zip: 94%
2023-09-16T22:35:07.223Z [Modules] Streaming discord_spellcheck@1 to /home/mmtrent/.config/discord/0.0.29/modules/pending/discord_spellcheck-1.zip: 95%
2023-09-16T22:35:07.225Z [Modules] Streaming discord_spellcheck@1 to /home/mmtrent/.config/discord/0.0.29/modules/pending/discord_spellcheck-1.zip: 96%
2023-09-16T22:35:07.227Z [Modules] Streaming discord_spellcheck@1 to /home/mmtrent/.config/discord/0.0.29/modules/pending/discord_spellcheck-1.zip: 97%
2023-09-16T22:35:07.228Z [Modules] Streaming discord_spellcheck@1 to /home/mmtrent/.config/discord/0.0.29/modules/pending/discord_spellcheck-1.zip: 98%
2023-09-16T22:35:07.228Z [Modules] Streaming discord_spellcheck@1 to /home/mmtrent/.config/discord/0.0.29/modules/pending/discord_spellcheck-1.zip: 99%
2023-09-16T22:35:07.229Z [Modules] Streaming discord_spellcheck@1 to /home/mmtrent/.config/discord/0.0.29/modules/pending/discord_spellcheck-1.zip: 100%
2023-09-16T22:35:07.230Z [Modules] Fetching discord_utils@2 from https://discord.com/api/modules/stable/discord_utils/2
2023-09-16T22:35:07.230Z [Modules] Streaming discord_utils@2 to /home/mmtrent/.config/discord/0.0.29/modules/pending/discord_utils-2.zip
2023-09-16T22:35:07.448Z [Modules] Streaming discord_utils@2 to /home/mmtrent/.config/discord/0.0.29/modules/pending/discord_utils-2.zip: 1%
2023-09-16T22:35:07.448Z [Modules] Streaming discord_utils@2 to /home/mmtrent/.config/discord/0.0.29/modules/pending/discord_utils-2.zip: 2%
2023-09-16T22:35:07.449Z [Modules] Streaming discord_utils@2 to /home/mmtrent/.config/discord/0.0.29/modules/pending/discord_utils-2.zip: 4%
2023-09-16T22:35:07.449Z [Modules] Streaming discord_utils@2 to /home/mmtrent/.config/discord/0.0.29/modules/pending/discord_utils-2.zip: 6%
2023-09-16T22:35:07.450Z [Modules] Streaming discord_utils@2 to /home/mmtrent/.config/discord/0.0.29/modules/pending/discord_utils-2.zip: 8%
2023-09-16T22:35:07.450Z [Modules] Streaming discord_utils@2 to /home/mmtrent/.config/discord/0.0.29/modules/pending/discord_utils-2.zip: 9%
2023-09-16T22:35:07.451Z [Modules] Streaming discord_utils@2 to /home/mmtrent/.config/discord/0.0.29/modules/pending/discord_utils-2.zip: 11%
2023-09-16T22:35:07.451Z [Modules] Streaming discord_utils@2 to /home/mmtrent/.config/discord/0.0.29/modules/pending/discord_utils-2.zip: 12%
2023-09-16T22:35:07.452Z [Modules] Streaming discord_utils@2 to /home/mmtrent/.config/discord/0.0.29/modules/pending/discord_utils-2.zip: 14%
2023-09-16T22:35:07.452Z [Modules] Streaming discord_utils@2 to /home/mmtrent/.config/discord/0.0.29/modules/pending/discord_utils-2.zip: 16%
2023-09-16T22:35:07.453Z [Modules] Streaming discord_utils@2 to /home/mmtrent/.config/discord/0.0.29/modules/pending/discord_utils-2.zip: 18%
2023-09-16T22:35:07.454Z [Modules] Streaming discord_utils@2 to /home/mmtrent/.config/discord/0.0.29/modules/pending/discord_utils-2.zip: 20%
2023-09-16T22:35:07.454Z [Modules] Streaming discord_utils@2 to /home/mmtrent/.config/discord/0.0.29/modules/pending/discord_utils-2.zip: 22%
2023-09-16T22:35:07.455Z [Modules] Streaming discord_utils@2 to /home/mmtrent/.config/discord/0.0.29/modules/pending/discord_utils-2.zip: 23%
2023-09-16T22:35:07.455Z [Modules] Streaming discord_utils@2 to /home/mmtrent/.config/discord/0.0.29/modules/pending/discord_utils-2.zip: 25%
2023-09-16T22:35:07.456Z [Modules] Streaming discord_utils@2 to /home/mmtrent/.config/discord/0.0.29/modules/pending/discord_utils-2.zip: 27%
2023-09-16T22:35:07.456Z [Modules] Streaming discord_utils@2 to /home/mmtrent/.config/discord/0.0.29/modules/pending/discord_utils-2.zip: 29%
2023-09-16T22:35:07.457Z [Modules] Streaming discord_utils@2 to /home/mmtrent/.config/discord/0.0.29/modules/pending/discord_utils-2.zip: 31%
2023-09-16T22:35:07.458Z [Modules] Streaming discord_utils@2 to /home/mmtrent/.config/discord/0.0.29/modules/pending/discord_utils-2.zip: 33%
2023-09-16T22:35:07.458Z [Modules] Streaming discord_utils@2 to /home/mmtrent/.config/discord/0.0.29/modules/pending/discord_utils-2.zip: 34%
2023-09-16T22:35:07.459Z [Modules] Streaming discord_utils@2 to /home/mmtrent/.config/discord/0.0.29/modules/pending/discord_utils-2.zip: 36%
2023-09-16T22:35:07.459Z [Modules] Streaming discord_utils@2 to /home/mmtrent/.config/discord/0.0.29/modules/pending/discord_utils-2.zip: 38%
2023-09-16T22:35:07.460Z [Modules] Streaming discord_utils@2 to /home/mmtrent/.config/discord/0.0.29/modules/pending/discord_utils-2.zip: 40%
2023-09-16T22:35:07.461Z [Modules] Streaming discord_utils@2 to /home/mmtrent/.config/discord/0.0.29/modules/pending/discord_utils-2.zip: 42%
2023-09-16T22:35:07.461Z [Modules] Streaming discord_utils@2 to /home/mmtrent/.config/discord/0.0.29/modules/pending/discord_utils-2.zip: 44%
2023-09-16T22:35:07.462Z [Modules] Streaming discord_utils@2 to /home/mmtrent/.config/discord/0.0.29/modules/pending/discord_utils-2.zip: 45%
2023-09-16T22:35:07.462Z [Modules] Streaming discord_utils@2 to /home/mmtrent/.config/discord/0.0.29/modules/pending/discord_utils-2.zip: 47%
2023-09-16T22:35:07.463Z [Modules] Streaming discord_utils@2 to /home/mmtrent/.config/discord/0.0.29/modules/pending/discord_utils-2.zip: 48%
2023-09-16T22:35:07.463Z [Modules] Streaming discord_utils@2 to /home/mmtrent/.config/discord/0.0.29/modules/pending/discord_utils-2.zip: 50%
2023-09-16T22:35:07.464Z [Modules] Streaming discord_utils@2 to /home/mmtrent/.config/discord/0.0.29/modules/pending/discord_utils-2.zip: 52%
2023-09-16T22:35:07.464Z [Modules] Streaming discord_utils@2 to /home/mmtrent/.config/discord/0.0.29/modules/pending/discord_utils-2.zip: 54%
2023-09-16T22:35:07.465Z [Modules] Streaming discord_utils@2 to /home/mmtrent/.config/discord/0.0.29/modules/pending/discord_utils-2.zip: 56%
2023-09-16T22:35:07.466Z [Modules] Streaming discord_utils@2 to /home/mmtrent/.config/discord/0.0.29/modules/pending/discord_utils-2.zip: 57%
2023-09-16T22:35:07.466Z [Modules] Streaming discord_utils@2 to /home/mmtrent/.config/discord/0.0.29/modules/pending/discord_utils-2.zip: 58%
2023-09-16T22:35:07.466Z [Modules] Streaming discord_utils@2 to /home/mmtrent/.config/discord/0.0.29/modules/pending/discord_utils-2.zip: 60%
2023-09-16T22:35:07.467Z [Modules] Streaming discord_utils@2 to /home/mmtrent/.config/discord/0.0.29/modules/pending/discord_utils-2.zip: 62%
2023-09-16T22:35:07.467Z [Modules] Streaming discord_utils@2 to /home/mmtrent/.config/discord/0.0.29/modules/pending/discord_utils-2.zip: 64%
2023-09-16T22:35:07.468Z [Modules] Streaming discord_utils@2 to /home/mmtrent/.config/discord/0.0.29/modules/pending/discord_utils-2.zip: 66%
2023-09-16T22:35:07.469Z [Modules] Streaming discord_utils@2 to /home/mmtrent/.config/discord/0.0.29/modules/pending/discord_utils-2.zip: 68%
2023-09-16T22:35:07.469Z [Modules] Streaming discord_utils@2 to /home/mmtrent/.config/discord/0.0.29/modules/pending/discord_utils-2.zip: 69%
2023-09-16T22:35:07.470Z [Modules] Streaming discord_utils@2 to /home/mmtrent/.config/discord/0.0.29/modules/pending/discord_utils-2.zip: 71%
2023-09-16T22:35:07.470Z [Modules] Streaming discord_utils@2 to /home/mmtrent/.config/discord/0.0.29/modules/pending/discord_utils-2.zip: 72%
2023-09-16T22:35:07.471Z [Modules] Streaming discord_utils@2 to /home/mmtrent/.config/discord/0.0.29/modules/pending/discord_utils-2.zip: 74%
2023-09-16T22:35:07.471Z [Modules] Streaming discord_utils@2 to /home/mmtrent/.config/discord/0.0.29/modules/pending/discord_utils-2.zip: 76%
2023-09-16T22:35:07.472Z [Modules] Streaming discord_utils@2 to /home/mmtrent/.config/discord/0.0.29/modules/pending/discord_utils-2.zip: 78%
2023-09-16T22:35:07.472Z [Modules] Streaming discord_utils@2 to /home/mmtrent/.config/discord/0.0.29/modules/pending/discord_utils-2.zip: 80%
2023-09-16T22:35:07.473Z [Modules] Streaming discord_utils@2 to /home/mmtrent/.config/discord/0.0.29/modules/pending/discord_utils-2.zip: 81%
2023-09-16T22:35:07.473Z [Modules] Streaming discord_utils@2 to /home/mmtrent/.config/discord/0.0.29/modules/pending/discord_utils-2.zip: 83%
2023-09-16T22:35:07.474Z [Modules] Streaming discord_utils@2 to /home/mmtrent/.config/discord/0.0.29/modules/pending/discord_utils-2.zip: 85%
2023-09-16T22:35:07.474Z [Modules] Streaming discord_utils@2 to /home/mmtrent/.config/discord/0.0.29/modules/pending/discord_utils-2.zip: 86%
2023-09-16T22:35:07.483Z [Modules] Streaming discord_utils@2 to /home/mmtrent/.config/discord/0.0.29/modules/pending/discord_utils-2.zip: 88%
2023-09-16T22:35:07.484Z [Modules] Streaming discord_utils@2 to /home/mmtrent/.config/discord/0.0.29/modules/pending/discord_utils-2.zip: 90%
2023-09-16T22:35:07.486Z [Modules] Streaming discord_utils@2 to /home/mmtrent/.config/discord/0.0.29/modules/pending/discord_utils-2.zip: 91%
2023-09-16T22:35:07.488Z [Modules] Streaming discord_utils@2 to /home/mmtrent/.config/discord/0.0.29/modules/pending/discord_utils-2.zip: 92%
2023-09-16T22:35:07.490Z [Modules] Streaming discord_utils@2 to /home/mmtrent/.config/discord/0.0.29/modules/pending/discord_utils-2.zip: 93%
2023-09-16T22:35:07.490Z [Modules] Streaming discord_utils@2 to /home/mmtrent/.config/discord/0.0.29/modules/pending/discord_utils-2.zip: 95%
2023-09-16T22:35:07.491Z [Modules] Streaming discord_utils@2 to /home/mmtrent/.config/discord/0.0.29/modules/pending/discord_utils-2.zip: 96%
2023-09-16T22:35:07.492Z [Modules] Streaming discord_utils@2 to /home/mmtrent/.config/discord/0.0.29/modules/pending/discord_utils-2.zip: 98%
2023-09-16T22:35:07.493Z [Modules] Streaming discord_utils@2 to /home/mmtrent/.config/discord/0.0.29/modules/pending/discord_utils-2.zip: 100%
2023-09-16T22:35:07.493Z [Modules] Fetching discord_voice@2 from https://discord.com/api/modules/stable/discord_voice/2
2023-09-16T22:35:07.494Z [Modules] Streaming discord_voice@2 to /home/mmtrent/.config/discord/0.0.29/modules/pending/discord_voice-2.zip
2023-09-16T22:35:07.737Z [Modules] Streaming discord_voice@2 to /home/mmtrent/.config/discord/0.0.29/modules/pending/discord_voice-2.zip: 1%
2023-09-16T22:35:07.740Z [Modules] Streaming discord_voice@2 to /home/mmtrent/.config/discord/0.0.29/modules/pending/discord_voice-2.zip: 2%
2023-09-16T22:35:07.742Z [Modules] Streaming discord_voice@2 to /home/mmtrent/.config/discord/0.0.29/modules/pending/discord_voice-2.zip: 3%
2023-09-16T22:35:07.744Z [Modules] Streaming discord_voice@2 to /home/mmtrent/.config/discord/0.0.29/modules/pending/discord_voice-2.zip: 4%
2023-09-16T22:35:07.746Z [Modules] Streaming discord_voice@2 to /home/mmtrent/.config/discord/0.0.29/modules/pending/discord_voice-2.zip: 5%
2023-09-16T22:35:07.747Z [Modules] Streaming discord_voice@2 to /home/mmtrent/.config/discord/0.0.29/modules/pending/discord_voice-2.zip: 6%
2023-09-16T22:35:07.749Z [Modules] Streaming discord_voice@2 to /home/mmtrent/.config/discord/0.0.29/modules/pending/discord_voice-2.zip: 7%
2023-09-16T22:35:07.751Z [Modules] Streaming discord_voice@2 to /home/mmtrent/.config/discord/0.0.29/modules/pending/discord_voice-2.zip: 8%
2023-09-16T22:35:07.755Z [Modules] Streaming discord_voice@2 to /home/mmtrent/.config/discord/0.0.29/modules/pending/discord_voice-2.zip: 10%
2023-09-16T22:35:07.756Z [Modules] Streaming discord_voice@2 to /home/mmtrent/.config/discord/0.0.29/modules/pending/discord_voice-2.zip: 11%
2023-09-16T22:35:07.760Z [Modules] Streaming discord_voice@2 to /home/mmtrent/.config/discord/0.0.29/modules/pending/discord_voice-2.zip: 12%
2023-09-16T22:35:07.760Z [Modules] Streaming discord_voice@2 to /home/mmtrent/.config/discord/0.0.29/modules/pending/discord_voice-2.zip: 13%
2023-09-16T22:35:07.762Z [Modules] Streaming discord_voice@2 to /home/mmtrent/.config/discord/0.0.29/modules/pending/discord_voice-2.zip: 14%
2023-09-16T22:35:07.764Z [Modules] Streaming discord_voice@2 to /home/mmtrent/.config/discord/0.0.29/modules/pending/discord_voice-2.zip: 15%
2023-09-16T22:35:07.773Z [Modules] Streaming discord_voice@2 to /home/mmtrent/.config/discord/0.0.29/modules/pending/discord_voice-2.zip: 16%
2023-09-16T22:35:07.779Z [Modules] Streaming discord_voice@2 to /home/mmtrent/.config/discord/0.0.29/modules/pending/discord_voice-2.zip: 17%
2023-09-16T22:35:07.786Z [Modules] Streaming discord_voice@2 to /home/mmtrent/.config/discord/0.0.29/modules/pending/discord_voice-2.zip: 18%
2023-09-16T22:35:07.787Z [Modules] Streaming discord_voice@2 to /home/mmtrent/.config/discord/0.0.29/modules/pending/discord_voice-2.zip: 19%
2023-09-16T22:35:07.789Z [Modules] Streaming discord_voice@2 to /home/mmtrent/.config/discord/0.0.29/modules/pending/discord_voice-2.zip: 20%
2023-09-16T22:35:07.791Z [Modules] Streaming discord_voice@2 to /home/mmtrent/.config/discord/0.0.29/modules/pending/discord_voice-2.zip: 21%
2023-09-16T22:35:07.793Z [Modules] Streaming discord_voice@2 to /home/mmtrent/.config/discord/0.0.29/modules/pending/discord_voice-2.zip: 22%
2023-09-16T22:35:07.795Z [Modules] Streaming discord_voice@2 to /home/mmtrent/.config/discord/0.0.29/modules/pending/discord_voice-2.zip: 23%
2023-09-16T22:35:07.797Z [Modules] Streaming discord_voice@2 to /home/mmtrent/.config/discord/0.0.29/modules/pending/discord_voice-2.zip: 24%
2023-09-16T22:35:07.799Z [Modules] Streaming discord_voice@2 to /home/mmtrent/.config/discord/0.0.29/modules/pending/discord_voice-2.zip: 25%
2023-09-16T22:35:07.801Z [Modules] Streaming discord_voice@2 to /home/mmtrent/.config/discord/0.0.29/modules/pending/discord_voice-2.zip: 26%
2023-09-16T22:35:07.803Z [Modules] Streaming discord_voice@2 to /home/mmtrent/.config/discord/0.0.29/modules/pending/discord_voice-2.zip: 27%
2023-09-16T22:35:07.805Z [Modules] Streaming discord_voice@2 to /home/mmtrent/.config/discord/0.0.29/modules/pending/discord_voice-2.zip: 28%
2023-09-16T22:35:07.807Z [Modules] Streaming discord_voice@2 to /home/mmtrent/.config/discord/0.0.29/modules/pending/discord_voice-2.zip: 29%
2023-09-16T22:35:07.808Z [Modules] Streaming discord_voice@2 to /home/mmtrent/.config/discord/0.0.29/modules/pending/discord_voice-2.zip: 30%
2023-09-16T22:35:07.810Z [Modules] Streaming discord_voice@2 to /home/mmtrent/.config/discord/0.0.29/modules/pending/discord_voice-2.zip: 31%
2023-09-16T22:35:07.813Z [Modules] Streaming discord_voice@2 to /home/mmtrent/.config/discord/0.0.29/modules/pending/discord_voice-2.zip: 32%
2023-09-16T22:35:07.823Z [Modules] Streaming discord_voice@2 to /home/mmtrent/.config/discord/0.0.29/modules/pending/discord_voice-2.zip: 33%
2023-09-16T22:35:07.829Z [Modules] Streaming discord_voice@2 to /home/mmtrent/.config/discord/0.0.29/modules/pending/discord_voice-2.zip: 34%
2023-09-16T22:35:07.831Z [Modules] Streaming discord_voice@2 to /home/mmtrent/.config/discord/0.0.29/modules/pending/discord_voice-2.zip: 35%
2023-09-16T22:35:07.834Z [Modules] Streaming discord_voice@2 to /home/mmtrent/.config/discord/0.0.29/modules/pending/discord_voice-2.zip: 36%
2023-09-16T22:35:07.836Z [Modules] Streaming discord_voice@2 to /home/mmtrent/.config/discord/0.0.29/modules/pending/discord_voice-2.zip: 37%
2023-09-16T22:35:07.838Z [Modules] Streaming discord_voice@2 to /home/mmtrent/.config/discord/0.0.29/modules/pending/discord_voice-2.zip: 38%
2023-09-16T22:35:07.839Z [Modules] Streaming discord_voice@2 to /home/mmtrent/.config/discord/0.0.29/modules/pending/discord_voice-2.zip: 39%
2023-09-16T22:35:07.842Z [Modules] Streaming discord_voice@2 to /home/mmtrent/.config/discord/0.0.29/modules/pending/discord_voice-2.zip: 40%
2023-09-16T22:35:07.844Z [Modules] Streaming discord_voice@2 to /home/mmtrent/.config/discord/0.0.29/modules/pending/discord_voice-2.zip: 41%
2023-09-16T22:35:07.846Z [Modules] Streaming discord_voice@2 to /home/mmtrent/.config/discord/0.0.29/modules/pending/discord_voice-2.zip: 42%
2023-09-16T22:35:07.848Z [Modules] Streaming discord_voice@2 to /home/mmtrent/.config/discord/0.0.29/modules/pending/discord_voice-2.zip: 43%
2023-09-16T22:35:07.852Z [Modules] Streaming discord_voice@2 to /home/mmtrent/.config/discord/0.0.29/modules/pending/discord_voice-2.zip: 44%
2023-09-16T22:35:07.853Z [Modules] Streaming discord_voice@2 to /home/mmtrent/.config/discord/0.0.29/modules/pending/discord_voice-2.zip: 45%
2023-09-16T22:35:07.855Z [Modules] Streaming discord_voice@2 to /home/mmtrent/.config/discord/0.0.29/modules/pending/discord_voice-2.zip: 46%
2023-09-16T22:35:07.858Z [Modules] Streaming discord_voice@2 to /home/mmtrent/.config/discord/0.0.29/modules/pending/discord_voice-2.zip: 47%
2023-09-16T22:35:07.861Z [Modules] Streaming discord_voice@2 to /home/mmtrent/.config/discord/0.0.29/modules/pending/discord_voice-2.zip: 48%
2023-09-16T22:35:07.869Z [Modules] Streaming discord_voice@2 to /home/mmtrent/.config/discord/0.0.29/modules/pending/discord_voice-2.zip: 49%
2023-09-16T22:35:07.875Z [Modules] Streaming discord_voice@2 to /home/mmtrent/.config/discord/0.0.29/modules/pending/discord_voice-2.zip: 50%
2023-09-16T22:35:07.878Z [Modules] Streaming discord_voice@2 to /home/mmtrent/.config/discord/0.0.29/modules/pending/discord_voice-2.zip: 51%
2023-09-16T22:35:07.880Z [Modules] Streaming discord_voice@2 to /home/mmtrent/.config/discord/0.0.29/modules/pending/discord_voice-2.zip: 52%
2023-09-16T22:35:07.882Z [Modules] Streaming discord_voice@2 to /home/mmtrent/.config/discord/0.0.29/modules/pending/discord_voice-2.zip: 53%
2023-09-16T22:35:07.884Z [Modules] Streaming discord_voice@2 to /home/mmtrent/.config/discord/0.0.29/modules/pending/discord_voice-2.zip: 54%
2023-09-16T22:35:07.886Z [Modules] Streaming discord_voice@2 to /home/mmtrent/.config/discord/0.0.29/modules/pending/discord_voice-2.zip: 55%
2023-09-16T22:35:07.890Z [Modules] Streaming discord_voice@2 to /home/mmtrent/.config/discord/0.0.29/modules/pending/discord_voice-2.zip: 56%
2023-09-16T22:35:07.892Z [Modules] Streaming discord_voice@2 to /home/mmtrent/.config/discord/0.0.29/modules/pending/discord_voice-2.zip: 57%
2023-09-16T22:35:07.895Z [Modules] Streaming discord_voice@2 to /home/mmtrent/.config/discord/0.0.29/modules/pending/discord_voice-2.zip: 58%
2023-09-16T22:35:07.896Z [Modules] Streaming discord_voice@2 to /home/mmtrent/.config/discord/0.0.29/modules/pending/discord_voice-2.zip: 59%
2023-09-16T22:35:07.898Z [Modules] Streaming discord_voice@2 to /home/mmtrent/.config/discord/0.0.29/modules/pending/discord_voice-2.zip: 60%
2023-09-16T22:35:07.900Z [Modules] Streaming discord_voice@2 to /home/mmtrent/.config/discord/0.0.29/modules/pending/discord_voice-2.zip: 61%
2023-09-16T22:35:07.902Z [Modules] Streaming discord_voice@2 to /home/mmtrent/.config/discord/0.0.29/modules/pending/discord_voice-2.zip: 62%
2023-09-16T22:35:07.903Z [Modules] Streaming discord_voice@2 to /home/mmtrent/.config/discord/0.0.29/modules/pending/discord_voice-2.zip: 63%
2023-09-16T22:35:07.905Z [Modules] Streaming discord_voice@2 to /home/mmtrent/.config/discord/0.0.29/modules/pending/discord_voice-2.zip: 64%
2023-09-16T22:35:07.911Z [Modules] Streaming discord_voice@2 to /home/mmtrent/.config/discord/0.0.29/modules/pending/discord_voice-2.zip: 65%
2023-09-16T22:35:07.919Z [Modules] Streaming discord_voice@2 to /home/mmtrent/.config/discord/0.0.29/modules/pending/discord_voice-2.zip: 66%
2023-09-16T22:35:07.921Z [Modules] Streaming discord_voice@2 to /home/mmtrent/.config/discord/0.0.29/modules/pending/discord_voice-2.zip: 67%
2023-09-16T22:35:07.925Z [Modules] Streaming discord_voice@2 to /home/mmtrent/.config/discord/0.0.29/modules/pending/discord_voice-2.zip: 68%
2023-09-16T22:35:07.927Z [Modules] Streaming discord_voice@2 to /home/mmtrent/.config/discord/0.0.29/modules/pending/discord_voice-2.zip: 69%
2023-09-16T22:35:07.929Z [Modules] Streaming discord_voice@2 to /home/mmtrent/.config/discord/0.0.29/modules/pending/discord_voice-2.zip: 70%
2023-09-16T22:35:07.932Z [Modules] Streaming discord_voice@2 to /home/mmtrent/.config/discord/0.0.29/modules/pending/discord_voice-2.zip: 71%
2023-09-16T22:35:07.934Z [Modules] Streaming discord_voice@2 to /home/mmtrent/.config/discord/0.0.29/modules/pending/discord_voice-2.zip: 72%
2023-09-16T22:35:07.936Z [Modules] Streaming discord_voice@2 to /home/mmtrent/.config/discord/0.0.29/modules/pending/discord_voice-2.zip: 73%
2023-09-16T22:35:07.939Z [Modules] Streaming discord_voice@2 to /home/mmtrent/.config/discord/0.0.29/modules/pending/discord_voice-2.zip: 74%
2023-09-16T22:35:07.941Z [Modules] Streaming discord_voice@2 to /home/mmtrent/.config/discord/0.0.29/modules/pending/discord_voice-2.zip: 75%
2023-09-16T22:35:07.943Z [Modules] Streaming discord_voice@2 to /home/mmtrent/.config/discord/0.0.29/modules/pending/discord_voice-2.zip: 76%
2023-09-16T22:35:07.945Z [Modules] Streaming discord_voice@2 to /home/mmtrent/.config/discord/0.0.29/modules/pending/discord_voice-2.zip: 77%
2023-09-16T22:35:07.946Z [Modules] Streaming discord_voice@2 to /home/mmtrent/.config/discord/0.0.29/modules/pending/discord_voice-2.zip: 78%
2023-09-16T22:35:07.948Z [Modules] Streaming discord_voice@2 to /home/mmtrent/.config/discord/0.0.29/modules/pending/discord_voice-2.zip: 79%
2023-09-16T22:35:07.950Z [Modules] Streaming discord_voice@2 to /home/mmtrent/.config/discord/0.0.29/modules/pending/discord_voice-2.zip: 80%
2023-09-16T22:35:07.959Z [Modules] Streaming discord_voice@2 to /home/mmtrent/.config/discord/0.0.29/modules/pending/discord_voice-2.zip: 81%
2023-09-16T22:35:07.964Z [Modules] Streaming discord_voice@2 to /home/mmtrent/.config/discord/0.0.29/modules/pending/discord_voice-2.zip: 82%
2023-09-16T22:35:07.966Z [Modules] Streaming discord_voice@2 to /home/mmtrent/.config/discord/0.0.29/modules/pending/discord_voice-2.zip: 83%
2023-09-16T22:35:07.971Z [Modules] Streaming discord_voice@2 to /home/mmtrent/.config/discord/0.0.29/modules/pending/discord_voice-2.zip: 84%
2023-09-16T22:35:07.976Z [Modules] Streaming discord_voice@2 to /home/mmtrent/.config/discord/0.0.29/modules/pending/discord_voice-2.zip: 85%
2023-09-16T22:35:07.978Z [Modules] Streaming discord_voice@2 to /home/mmtrent/.config/discord/0.0.29/modules/pending/discord_voice-2.zip: 86%
2023-09-16T22:35:07.981Z [Modules] Streaming discord_voice@2 to /home/mmtrent/.config/discord/0.0.29/modules/pending/discord_voice-2.zip: 87%
2023-09-16T22:35:07.983Z [Modules] Streaming discord_voice@2 to /home/mmtrent/.config/discord/0.0.29/modules/pending/discord_voice-2.zip: 88%
2023-09-16T22:35:07.984Z [Modules] Streaming discord_voice@2 to /home/mmtrent/.config/discord/0.0.29/modules/pending/discord_voice-2.zip: 89%
2023-09-16T22:35:07.986Z [Modules] Streaming discord_voice@2 to /home/mmtrent/.config/discord/0.0.29/modules/pending/discord_voice-2.zip: 90%
2023-09-16T22:35:07.988Z [Modules] Streaming discord_voice@2 to /home/mmtrent/.config/discord/0.0.29/modules/pending/discord_voice-2.zip: 91%
2023-09-16T22:35:07.989Z [Modules] Streaming discord_voice@2 to /home/mmtrent/.config/discord/0.0.29/modules/pending/discord_voice-2.zip: 92%
2023-09-16T22:35:07.992Z [Modules] Streaming discord_voice@2 to /home/mmtrent/.config/discord/0.0.29/modules/pending/discord_voice-2.zip: 93%
2023-09-16T22:35:07.993Z [Modules] Streaming discord_voice@2 to /home/mmtrent/.config/discord/0.0.29/modules/pending/discord_voice-2.zip: 94%
2023-09-16T22:35:07.995Z [Modules] Streaming discord_voice@2 to /home/mmtrent/.config/discord/0.0.29/modules/pending/discord_voice-2.zip: 95%
2023-09-16T22:35:07.997Z [Modules] Streaming discord_voice@2 to /home/mmtrent/.config/discord/0.0.29/modules/pending/discord_voice-2.zip: 96%
2023-09-16T22:35:08.001Z [Modules] Streaming discord_voice@2 to /home/mmtrent/.config/discord/0.0.29/modules/pending/discord_voice-2.zip: 97%
2023-09-16T22:35:08.002Z [Modules] Streaming discord_voice@2 to /home/mmtrent/.config/discord/0.0.29/modules/pending/discord_voice-2.zip: 98%
2023-09-16T22:35:08.008Z [Modules] Streaming discord_voice@2 to /home/mmtrent/.config/discord/0.0.29/modules/pending/discord_voice-2.zip: 99%
2023-09-16T22:35:08.014Z [Modules] Streaming discord_voice@2 to /home/mmtrent/.config/discord/0.0.29/modules/pending/discord_voice-2.zip: 100%
2023-09-16T22:35:08.015Z [Modules] Finished module downloads. [success: 5] [failure: 0]
2023-09-16T22:35:08.015Z [Modules] Installing updates...
2023-09-16T22:35:08.015Z [Modules] Installing discord_desktop_core@2 from /home/mmtrent/.config/discord/0.0.29/modules/pending/discord_desktop_core-2.zip
2023-09-16T22:35:08.067Z [Modules] Installing discord_erlpack@1 from /home/mmtrent/.config/discord/0.0.29/modules/pending/discord_erlpack-1.zip
2023-09-16T22:35:08.097Z [Modules] Installing discord_spellcheck@1 from /home/mmtrent/.config/discord/0.0.29/modules/pending/discord_spellcheck-1.zip
2023-09-16T22:35:08.552Z [Modules] Installing discord_utils@2 from /home/mmtrent/.config/discord/0.0.29/modules/pending/discord_utils-2.zip
2023-09-16T22:35:08.811Z [Modules] Installing discord_voice@2 from /home/mmtrent/.config/discord/0.0.29/modules/pending/discord_voice-2.zip
2023-09-16T22:35:09.269Z [Modules] Finished module installations. [success: 5] [failure: 0]
2023-09-16T22:35:09.269Z [Modules] Checking for host updates.
2023-09-16T22:35:09.392Z [Modules] Host is up to date.
2023-09-16T22:35:09.392Z [Modules] Checking for module updates at https://discord.com/api/modules/stable/versions.json
2023-09-16T22:35:09.393Z [Modules] No module updates available.
2023-09-16T22:35:11.531Z [Modules] Starting to install discord_krisp...
2023-09-16T22:35:11.532Z [Modules] Fetching discord_krisp@1 from https://discord.com/api/modules/stable/discord_krisp/1
2023-09-16T22:35:11.532Z [Modules] Streaming discord_krisp@1 to /home/mmtrent/.config/discord/0.0.29/modules/pending/discord_krisp-1.zip
2023-09-16T22:35:11.544Z [Modules] Starting to install discord_game_utils...
2023-09-16T22:35:11.701Z [Modules] Streaming discord_krisp@1 to /home/mmtrent/.config/discord/0.0.29/modules/pending/discord_krisp-1.zip: 1%
2023-09-16T22:35:11.706Z [Modules] Streaming discord_krisp@1 to /home/mmtrent/.config/discord/0.0.29/modules/pending/discord_krisp-1.zip: 3%
2023-09-16T22:35:11.710Z [Modules] Streaming discord_krisp@1 to /home/mmtrent/.config/discord/0.0.29/modules/pending/discord_krisp-1.zip: 5%
2023-09-16T22:35:11.712Z [Modules] Streaming discord_krisp@1 to /home/mmtrent/.config/discord/0.0.29/modules/pending/discord_krisp-1.zip: 6%
2023-09-16T22:35:11.714Z [Modules] Streaming discord_krisp@1 to /home/mmtrent/.config/discord/0.0.29/modules/pending/discord_krisp-1.zip: 7%
2023-09-16T22:35:11.716Z [Modules] Streaming discord_krisp@1 to /home/mmtrent/.config/discord/0.0.29/modules/pending/discord_krisp-1.zip: 8%
2023-09-16T22:35:11.717Z [Modules] Streaming discord_krisp@1 to /home/mmtrent/.config/discord/0.0.29/modules/pending/discord_krisp-1.zip: 9%
2023-09-16T22:35:11.720Z [Modules] Streaming discord_krisp@1 to /home/mmtrent/.config/discord/0.0.29/modules/pending/discord_krisp-1.zip: 10%
2023-09-16T22:35:11.721Z [Modules] Streaming discord_krisp@1 to /home/mmtrent/.config/discord/0.0.29/modules/pending/discord_krisp-1.zip: 11%
2023-09-16T22:35:11.723Z [Modules] Streaming discord_krisp@1 to /home/mmtrent/.config/discord/0.0.29/modules/pending/discord_krisp-1.zip: 12%
2023-09-16T22:35:11.725Z [Modules] Streaming discord_krisp@1 to /home/mmtrent/.config/discord/0.0.29/modules/pending/discord_krisp-1.zip: 13%
2023-09-16T22:35:11.840Z [Modules] Streaming discord_krisp@1 to /home/mmtrent/.config/discord/0.0.29/modules/pending/discord_krisp-1.zip: 14%
2023-09-16T22:35:11.842Z [Modules] Streaming discord_krisp@1 to /home/mmtrent/.config/discord/0.0.29/modules/pending/discord_krisp-1.zip: 15%
2023-09-16T22:35:11.846Z [Modules] Streaming discord_krisp@1 to /home/mmtrent/.config/discord/0.0.29/modules/pending/discord_krisp-1.zip: 16%
2023-09-16T22:35:11.849Z [Modules] Streaming discord_krisp@1 to /home/mmtrent/.config/discord/0.0.29/modules/pending/discord_krisp-1.zip: 17%
2023-09-16T22:35:11.851Z [Modules] Streaming discord_krisp@1 to /home/mmtrent/.config/discord/0.0.29/modules/pending/discord_krisp-1.zip: 18%
2023-09-16T22:35:11.854Z [Modules] Streaming discord_krisp@1 to /home/mmtrent/.config/discord/0.0.29/modules/pending/discord_krisp-1.zip: 19%
2023-09-16T22:35:11.856Z [Modules] Streaming discord_krisp@1 to /home/mmtrent/.config/discord/0.0.29/modules/pending/discord_krisp-1.zip: 20%
2023-09-16T22:35:11.859Z [Modules] Streaming discord_krisp@1 to /home/mmtrent/.config/discord/0.0.29/modules/pending/discord_krisp-1.zip: 21%
2023-09-16T22:35:11.866Z [Modules] Streaming discord_krisp@1 to /home/mmtrent/.config/discord/0.0.29/modules/pending/discord_krisp-1.zip: 22%
2023-09-16T22:35:11.866Z [Modules] Streaming discord_krisp@1 to /home/mmtrent/.config/discord/0.0.29/modules/pending/discord_krisp-1.zip: 23%
2023-09-16T22:35:11.867Z [Modules] Streaming discord_krisp@1 to /home/mmtrent/.config/discord/0.0.29/modules/pending/discord_krisp-1.zip: 24%
2023-09-16T22:35:11.867Z [Modules] Streaming discord_krisp@1 to /home/mmtrent/.config/discord/0.0.29/modules/pending/discord_krisp-1.zip: 25%
2023-09-16T22:35:11.868Z [Modules] Streaming discord_krisp@1 to /home/mmtrent/.config/discord/0.0.29/modules/pending/discord_krisp-1.zip: 26%
2023-09-16T22:35:11.868Z [Modules] Streaming discord_krisp@1 to /home/mmtrent/.config/discord/0.0.29/modules/pending/discord_krisp-1.zip: 27%
2023-09-16T22:35:11.869Z [Modules] Streaming discord_krisp@1 to /home/mmtrent/.config/discord/0.0.29/modules/pending/discord_krisp-1.zip: 28%
2023-09-16T22:35:11.870Z [Modules] Streaming discord_krisp@1 to /home/mmtrent/.config/discord/0.0.29/modules/pending/discord_krisp-1.zip: 29%
2023-09-16T22:35:11.871Z [Modules] Streaming discord_krisp@1 to /home/mmtrent/.config/discord/0.0.29/modules/pending/discord_krisp-1.zip: 30%
2023-09-16T22:35:11.871Z [Modules] Streaming discord_krisp@1 to /home/mmtrent/.config/discord/0.0.29/modules/pending/discord_krisp-1.zip: 31%
2023-09-16T22:35:11.872Z [Modules] Streaming discord_krisp@1 to /home/mmtrent/.config/discord/0.0.29/modules/pending/discord_krisp-1.zip: 32%
2023-09-16T22:35:11.883Z [Modules] Streaming discord_krisp@1 to /home/mmtrent/.config/discord/0.0.29/modules/pending/discord_krisp-1.zip: 33%
2023-09-16T22:35:11.889Z [Modules] Streaming discord_krisp@1 to /home/mmtrent/.config/discord/0.0.29/modules/pending/discord_krisp-1.zip: 34%
2023-09-16T22:35:11.892Z [Modules] Streaming discord_krisp@1 to /home/mmtrent/.config/discord/0.0.29/modules/pending/discord_krisp-1.zip: 35%
2023-09-16T22:35:11.894Z [Modules] Streaming discord_krisp@1 to /home/mmtrent/.config/discord/0.0.29/modules/pending/discord_krisp-1.zip: 36%
2023-09-16T22:35:11.896Z [Modules] Streaming discord_krisp@1 to /home/mmtrent/.config/discord/0.0.29/modules/pending/discord_krisp-1.zip: 37%
2023-09-16T22:35:11.898Z [Modules] Streaming discord_krisp@1 to /home/mmtrent/.config/discord/0.0.29/modules/pending/discord_krisp-1.zip: 38%
2023-09-16T22:35:11.900Z [Modules] Streaming discord_krisp@1 to /home/mmtrent/.config/discord/0.0.29/modules/pending/discord_krisp-1.zip: 39%
2023-09-16T22:35:11.902Z [Modules] Streaming discord_krisp@1 to /home/mmtrent/.config/discord/0.0.29/modules/pending/discord_krisp-1.zip: 40%
2023-09-16T22:35:11.909Z [Modules] Streaming discord_krisp@1 to /home/mmtrent/.config/discord/0.0.29/modules/pending/discord_krisp-1.zip: 41%
2023-09-16T22:35:11.911Z [Modules] Streaming discord_krisp@1 to /home/mmtrent/.config/discord/0.0.29/modules/pending/discord_krisp-1.zip: 42%
2023-09-16T22:35:11.916Z [Modules] Streaming discord_krisp@1 to /home/mmtrent/.config/discord/0.0.29/modules/pending/discord_krisp-1.zip: 43%
2023-09-16T22:35:11.925Z [Modules] Streaming discord_krisp@1 to /home/mmtrent/.config/discord/0.0.29/modules/pending/discord_krisp-1.zip: 44%
2023-09-16T22:35:11.930Z [Modules] Streaming discord_krisp@1 to /home/mmtrent/.config/discord/0.0.29/modules/pending/discord_krisp-1.zip: 45%
2023-09-16T22:35:11.933Z [Modules] Streaming discord_krisp@1 to /home/mmtrent/.config/discord/0.0.29/modules/pending/discord_krisp-1.zip: 46%
2023-09-16T22:35:11.937Z [Modules] Streaming discord_krisp@1 to /home/mmtrent/.config/discord/0.0.29/modules/pending/discord_krisp-1.zip: 47%
2023-09-16T22:35:11.939Z [Modules] Streaming discord_krisp@1 to /home/mmtrent/.config/discord/0.0.29/modules/pending/discord_krisp-1.zip: 48%
2023-09-16T22:35:11.941Z [Modules] Streaming discord_krisp@1 to /home/mmtrent/.config/discord/0.0.29/modules/pending/discord_krisp-1.zip: 49%
2023-09-16T22:35:11.944Z [Modules] Streaming discord_krisp@1 to /home/mmtrent/.config/discord/0.0.29/modules/pending/discord_krisp-1.zip: 50%
2023-09-16T22:35:11.946Z [Modules] Streaming discord_krisp@1 to /home/mmtrent/.config/discord/0.0.29/modules/pending/discord_krisp-1.zip: 51%
2023-09-16T22:35:11.948Z [Modules] Streaming discord_krisp@1 to /home/mmtrent/.config/discord/0.0.29/modules/pending/discord_krisp-1.zip: 52%
2023-09-16T22:35:11.950Z [Modules] Streaming discord_krisp@1 to /home/mmtrent/.config/discord/0.0.29/modules/pending/discord_krisp-1.zip: 53%
2023-09-16T22:35:11.953Z [Modules] Streaming discord_krisp@1 to /home/mmtrent/.config/discord/0.0.29/modules/pending/discord_krisp-1.zip: 54%
2023-09-16T22:35:11.954Z [Modules] Streaming discord_krisp@1 to /home/mmtrent/.config/discord/0.0.29/modules/pending/discord_krisp-1.zip: 55%
2023-09-16T22:35:11.961Z [Modules] Streaming discord_krisp@1 to /home/mmtrent/.config/discord/0.0.29/modules/pending/discord_krisp-1.zip: 56%
2023-09-16T22:35:11.973Z [Modules] Streaming discord_krisp@1 to /home/mmtrent/.config/discord/0.0.29/modules/pending/discord_krisp-1.zip: 57%
2023-09-16T22:35:11.976Z [Modules] Streaming discord_krisp@1 to /home/mmtrent/.config/discord/0.0.29/modules/pending/discord_krisp-1.zip: 58%
2023-09-16T22:35:11.979Z [Modules] Streaming discord_krisp@1 to /home/mmtrent/.config/discord/0.0.29/modules/pending/discord_krisp-1.zip: 59%
2023-09-16T22:35:11.982Z [Modules] Streaming discord_krisp@1 to /home/mmtrent/.config/discord/0.0.29/modules/pending/discord_krisp-1.zip: 60%
2023-09-16T22:35:11.985Z [Modules] Streaming discord_krisp@1 to /home/mmtrent/.config/discord/0.0.29/modules/pending/discord_krisp-1.zip: 61%
2023-09-16T22:35:11.987Z [Modules] Streaming discord_krisp@1 to /home/mmtrent/.config/discord/0.0.29/modules/pending/discord_krisp-1.zip: 62%
2023-09-16T22:35:11.989Z [Modules] Streaming discord_krisp@1 to /home/mmtrent/.config/discord/0.0.29/modules/pending/discord_krisp-1.zip: 63%
2023-09-16T22:35:11.991Z [Modules] Streaming discord_krisp@1 to /home/mmtrent/.config/discord/0.0.29/modules/pending/discord_krisp-1.zip: 64%
2023-09-16T22:35:11.993Z [Modules] Streaming discord_krisp@1 to /home/mmtrent/.config/discord/0.0.29/modules/pending/discord_krisp-1.zip: 65%
2023-09-16T22:35:11.996Z [Modules] Streaming discord_krisp@1 to /home/mmtrent/.config/discord/0.0.29/modules/pending/discord_krisp-1.zip: 66%
2023-09-16T22:35:11.997Z [Modules] Streaming discord_krisp@1 to /home/mmtrent/.config/discord/0.0.29/modules/pending/discord_krisp-1.zip: 67%
2023-09-16T22:35:12.006Z [Modules] Streaming discord_krisp@1 to /home/mmtrent/.config/discord/0.0.29/modules/pending/discord_krisp-1.zip: 68%
2023-09-16T22:35:12.007Z [Modules] Streaming discord_krisp@1 to /home/mmtrent/.config/discord/0.0.29/modules/pending/discord_krisp-1.zip: 69%
2023-09-16T22:35:12.019Z [Modules] Streaming discord_krisp@1 to /home/mmtrent/.config/discord/0.0.29/modules/pending/discord_krisp-1.zip: 70%
2023-09-16T22:35:12.022Z [Modules] Streaming discord_krisp@1 to /home/mmtrent/.config/discord/0.0.29/modules/pending/discord_krisp-1.zip: 71%
2023-09-16T22:35:12.025Z [Modules] Streaming discord_krisp@1 to /home/mmtrent/.config/discord/0.0.29/modules/pending/discord_krisp-1.zip: 72%
2023-09-16T22:35:12.027Z [Modules] Streaming discord_krisp@1 to /home/mmtrent/.config/discord/0.0.29/modules/pending/discord_krisp-1.zip: 73%
2023-09-16T22:35:12.029Z [Modules] Streaming discord_krisp@1 to /home/mmtrent/.config/discord/0.0.29/modules/pending/discord_krisp-1.zip: 74%
2023-09-16T22:35:12.031Z [Modules] Streaming discord_krisp@1 to /home/mmtrent/.config/discord/0.0.29/modules/pending/discord_krisp-1.zip: 75%
2023-09-16T22:35:12.033Z [Modules] Streaming discord_krisp@1 to /home/mmtrent/.config/discord/0.0.29/modules/pending/discord_krisp-1.zip: 76%
2023-09-16T22:35:12.036Z [Modules] Streaming discord_krisp@1 to /home/mmtrent/.config/discord/0.0.29/modules/pending/discord_krisp-1.zip: 77%
2023-09-16T22:35:12.038Z [Modules] Streaming discord_krisp@1 to /home/mmtrent/.config/discord/0.0.29/modules/pending/discord_krisp-1.zip: 78%
2023-09-16T22:35:12.040Z [Modules] Streaming discord_krisp@1 to /home/mmtrent/.config/discord/0.0.29/modules/pending/discord_krisp-1.zip: 79%
2023-09-16T22:35:12.042Z [Modules] Streaming discord_krisp@1 to /home/mmtrent/.config/discord/0.0.29/modules/pending/discord_krisp-1.zip: 80%
2023-09-16T22:35:12.044Z [Modules] Streaming discord_krisp@1 to /home/mmtrent/.config/discord/0.0.29/modules/pending/discord_krisp-1.zip: 81%
2023-09-16T22:35:12.050Z [Modules] Streaming discord_krisp@1 to /home/mmtrent/.config/discord/0.0.29/modules/pending/discord_krisp-1.zip: 82%
2023-09-16T22:35:12.065Z [Modules] Streaming discord_krisp@1 to /home/mmtrent/.config/discord/0.0.29/modules/pending/discord_krisp-1.zip: 84%
2023-09-16T22:35:12.066Z [Modules] Streaming discord_krisp@1 to /home/mmtrent/.config/discord/0.0.29/modules/pending/discord_krisp-1.zip: 85%
2023-09-16T22:35:12.069Z [Modules] Streaming discord_krisp@1 to /home/mmtrent/.config/discord/0.0.29/modules/pending/discord_krisp-1.zip: 86%
2023-09-16T22:35:12.071Z [Modules] Streaming discord_krisp@1 to /home/mmtrent/.config/discord/0.0.29/modules/pending/discord_krisp-1.zip: 87%
2023-09-16T22:35:12.073Z [Modules] Streaming discord_krisp@1 to /home/mmtrent/.config/discord/0.0.29/modules/pending/discord_krisp-1.zip: 88%
2023-09-16T22:35:12.075Z [Modules] Streaming discord_krisp@1 to /home/mmtrent/.config/discord/0.0.29/modules/pending/discord_krisp-1.zip: 89%
2023-09-16T22:35:12.076Z [Modules] Streaming discord_krisp@1 to /home/mmtrent/.config/discord/0.0.29/modules/pending/discord_krisp-1.zip: 90%
2023-09-16T22:35:12.078Z [Modules] Streaming discord_krisp@1 to /home/mmtrent/.config/discord/0.0.29/modules/pending/discord_krisp-1.zip: 91%
2023-09-16T22:35:12.080Z [Modules] Streaming discord_krisp@1 to /home/mmtrent/.config/discord/0.0.29/modules/pending/discord_krisp-1.zip: 92%
2023-09-16T22:35:12.082Z [Modules] Streaming discord_krisp@1 to /home/mmtrent/.config/discord/0.0.29/modules/pending/discord_krisp-1.zip: 93%
2023-09-16T22:35:12.085Z [Modules] Streaming discord_krisp@1 to /home/mmtrent/.config/discord/0.0.29/modules/pending/discord_krisp-1.zip: 94%
2023-09-16T22:35:12.086Z [Modules] Streaming discord_krisp@1 to /home/mmtrent/.config/discord/0.0.29/modules/pending/discord_krisp-1.zip: 95%
2023-09-16T22:35:12.090Z [Modules] Streaming discord_krisp@1 to /home/mmtrent/.config/discord/0.0.29/modules/pending/discord_krisp-1.zip: 96%
2023-09-16T22:35:12.112Z [Modules] Streaming discord_krisp@1 to /home/mmtrent/.config/discord/0.0.29/modules/pending/discord_krisp-1.zip: 97%
2023-09-16T22:35:12.116Z [Modules] Streaming discord_krisp@1 to /home/mmtrent/.config/discord/0.0.29/modules/pending/discord_krisp-1.zip: 98%
2023-09-16T22:35:12.118Z [Modules] Streaming discord_krisp@1 to /home/mmtrent/.config/discord/0.0.29/modules/pending/discord_krisp-1.zip: 99%
2023-09-16T22:35:12.120Z [Modules] Streaming discord_krisp@1 to /home/mmtrent/.config/discord/0.0.29/modules/pending/discord_krisp-1.zip: 100%
2023-09-16T22:35:12.121Z [Modules] Fetching discord_game_utils@1 from https://discord.com/api/modules/stable/discord_game_utils/1
2023-09-16T22:35:12.121Z [Modules] Streaming discord_game_utils@1 to /home/mmtrent/.config/discord/0.0.29/modules/pending/discord_game_utils-1.zip
2023-09-16T22:35:12.121Z [Modules] Installing discord_krisp@1 from /home/mmtrent/.config/discord/0.0.29/modules/pending/discord_krisp-1.zip
2023-09-16T22:35:12.297Z [Modules] Streaming discord_game_utils@1 to /home/mmtrent/.config/discord/0.0.29/modules/pending/discord_game_utils-1.zip: 2%
2023-09-16T22:35:12.297Z [Modules] Streaming discord_game_utils@1 to /home/mmtrent/.config/discord/0.0.29/modules/pending/discord_game_utils-1.zip: 3%
2023-09-16T22:35:12.298Z [Modules] Streaming discord_game_utils@1 to /home/mmtrent/.config/discord/0.0.29/modules/pending/discord_game_utils-1.zip: 5%
2023-09-16T22:35:12.299Z [Modules] Streaming discord_game_utils@1 to /home/mmtrent/.config/discord/0.0.29/modules/pending/discord_game_utils-1.zip: 8%
2023-09-16T22:35:12.299Z [Modules] Streaming discord_game_utils@1 to /home/mmtrent/.config/discord/0.0.29/modules/pending/discord_game_utils-1.zip: 11%
2023-09-16T22:35:12.300Z [Modules] Streaming discord_game_utils@1 to /home/mmtrent/.config/discord/0.0.29/modules/pending/discord_game_utils-1.zip: 13%
2023-09-16T22:35:12.301Z [Modules] Streaming discord_game_utils@1 to /home/mmtrent/.config/discord/0.0.29/modules/pending/discord_game_utils-1.zip: 16%
2023-09-16T22:35:12.301Z [Modules] Streaming discord_game_utils@1 to /home/mmtrent/.config/discord/0.0.29/modules/pending/discord_game_utils-1.zip: 18%
2023-09-16T22:35:12.302Z [Modules] Streaming discord_game_utils@1 to /home/mmtrent/.config/discord/0.0.29/modules/pending/discord_game_utils-1.zip: 21%
2023-09-16T22:35:12.302Z [Modules] Streaming discord_game_utils@1 to /home/mmtrent/.config/discord/0.0.29/modules/pending/discord_game_utils-1.zip: 24%
2023-09-16T22:35:12.303Z [Modules] Streaming discord_game_utils@1 to /home/mmtrent/.config/discord/0.0.29/modules/pending/discord_game_utils-1.zip: 26%
2023-09-16T22:35:12.303Z [Modules] Streaming discord_game_utils@1 to /home/mmtrent/.config/discord/0.0.29/modules/pending/discord_game_utils-1.zip: 27%
2023-09-16T22:35:12.304Z [Modules] Streaming discord_game_utils@1 to /home/mmtrent/.config/discord/0.0.29/modules/pending/discord_game_utils-1.zip: 29%
2023-09-16T22:35:12.304Z [Modules] Streaming discord_game_utils@1 to /home/mmtrent/.config/discord/0.0.29/modules/pending/discord_game_utils-1.zip: 30%
2023-09-16T22:35:12.304Z [Modules] Streaming discord_game_utils@1 to /home/mmtrent/.config/discord/0.0.29/modules/pending/discord_game_utils-1.zip: 31%
2023-09-16T22:35:12.308Z [Modules] Streaming discord_game_utils@1 to /home/mmtrent/.config/discord/0.0.29/modules/pending/discord_game_utils-1.zip: 48%
2023-09-16T22:35:12.308Z [Modules] Streaming discord_game_utils@1 to /home/mmtrent/.config/discord/0.0.29/modules/pending/discord_game_utils-1.zip: 50%
2023-09-16T22:35:12.309Z [Modules] Streaming discord_game_utils@1 to /home/mmtrent/.config/discord/0.0.29/modules/pending/discord_game_utils-1.zip: 51%
2023-09-16T22:35:12.309Z [Modules] Streaming discord_game_utils@1 to /home/mmtrent/.config/discord/0.0.29/modules/pending/discord_game_utils-1.zip: 53%
2023-09-16T22:35:12.310Z [Modules] Streaming discord_game_utils@1 to /home/mmtrent/.config/discord/0.0.29/modules/pending/discord_game_utils-1.zip: 56%
2023-09-16T22:35:12.310Z [Modules] Streaming discord_game_utils@1 to /home/mmtrent/.config/discord/0.0.29/modules/pending/discord_game_utils-1.zip: 59%
2023-09-16T22:35:12.311Z [Modules] Streaming discord_game_utils@1 to /home/mmtrent/.config/discord/0.0.29/modules/pending/discord_game_utils-1.zip: 61%
2023-09-16T22:35:12.311Z [Modules] Streaming discord_game_utils@1 to /home/mmtrent/.config/discord/0.0.29/modules/pending/discord_game_utils-1.zip: 64%
2023-09-16T22:35:12.312Z [Modules] Streaming discord_game_utils@1 to /home/mmtrent/.config/discord/0.0.29/modules/pending/discord_game_utils-1.zip: 66%
2023-09-16T22:35:12.314Z [Modules] Streaming discord_game_utils@1 to /home/mmtrent/.config/discord/0.0.29/modules/pending/discord_game_utils-1.zip: 74%
2023-09-16T22:35:12.314Z [Modules] Streaming discord_game_utils@1 to /home/mmtrent/.config/discord/0.0.29/modules/pending/discord_game_utils-1.zip: 77%
2023-09-16T22:35:12.315Z [Modules] Streaming discord_game_utils@1 to /home/mmtrent/.config/discord/0.0.29/modules/pending/discord_game_utils-1.zip: 79%
2023-09-16T22:35:12.315Z [Modules] Streaming discord_game_utils@1 to /home/mmtrent/.config/discord/0.0.29/modules/pending/discord_game_utils-1.zip: 82%
2023-09-16T22:35:12.316Z [Modules] Streaming discord_game_utils@1 to /home/mmtrent/.config/discord/0.0.29/modules/pending/discord_game_utils-1.zip: 83%
2023-09-16T22:35:12.316Z [Modules] Streaming discord_game_utils@1 to /home/mmtrent/.config/discord/0.0.29/modules/pending/discord_game_utils-1.zip: 86%
2023-09-16T22:35:12.317Z [Modules] Streaming discord_game_utils@1 to /home/mmtrent/.config/discord/0.0.29/modules/pending/discord_game_utils-1.zip: 89%
2023-09-16T22:35:12.317Z [Modules] Streaming discord_game_utils@1 to /home/mmtrent/.config/discord/0.0.29/modules/pending/discord_game_utils-1.zip: 91%
2023-09-16T22:35:12.318Z [Modules] Streaming discord_game_utils@1 to /home/mmtrent/.config/discord/0.0.29/modules/pending/discord_game_utils-1.zip: 94%
2023-09-16T22:35:12.318Z [Modules] Streaming discord_game_utils@1 to /home/mmtrent/.config/discord/0.0.29/modules/pending/discord_game_utils-1.zip: 96%
2023-09-16T22:35:12.319Z [Modules] Streaming discord_game_utils@1 to /home/mmtrent/.config/discord/0.0.29/modules/pending/discord_game_utils-1.zip: 99%
2023-09-16T22:35:12.319Z [Modules] Streaming discord_game_utils@1 to /home/mmtrent/.config/discord/0.0.29/modules/pending/discord_game_utils-1.zip: 100%
2023-09-16T22:35:12.320Z [Modules] Finished module downloads. [success: 2] [failure: 0]
2023-09-16T22:35:12.396Z [Modules] Installing discord_game_utils@1 from /home/mmtrent/.config/discord/0.0.29/modules/pending/discord_game_utils-1.zip
2023-09-16T22:35:12.432Z [Modules] Checking for host updates.
2023-09-16T22:35:12.437Z [Modules] Finished module installations. [success: 2] [failure: 0]
2023-09-16T22:35:12.561Z [Modules] Host is up to date.
2023-09-16T22:35:12.561Z [Modules] Checking for module updates at https://discord.com/api/modules/stable/versions.json
2023-09-16T22:35:12.562Z [Modules] No module updates available.
2023-09-16T22:35:12.722Z [Modules] Starting to install discord_rpc...
2023-09-16T22:35:12.722Z [Modules] Fetching discord_rpc@1 from https://discord.com/api/modules/stable/discord_rpc/1
2023-09-16T22:35:12.723Z [Modules] Streaming discord_rpc@1 to /home/mmtrent/.config/discord/0.0.29/modules/pending/discord_rpc-1.zip
2023-09-16T22:35:12.890Z [Modules] Streaming discord_rpc@1 to /home/mmtrent/.config/discord/0.0.29/modules/pending/discord_rpc-1.zip: 100%
2023-09-16T22:35:12.890Z [Modules] Finished module downloads. [success: 1] [failure: 0]
2023-09-16T22:35:12.890Z [Modules] Installing discord_rpc@1 from /home/mmtrent/.config/discord/0.0.29/modules/pending/discord_rpc-1.zip
2023-09-16T22:35:12.900Z [Modules] Finished module installations. [success: 1] [failure: 0]
2023-09-16T23:35:12.434Z [Modules] Checking for host updates.
2023-09-16T23:35:12.619Z [Modules] Host is up to date.
2023-09-16T23:35:12.620Z [Modules] Checking for module updates at https://discord.com/api/modules/stable/versions.json
2023-09-16T23:35:12.651Z [Modules] No module updates available.
2023-09-17T00:35:12.434Z [Modules] Checking for host updates.
2023-09-17T00:35:12.630Z [Modules] Host is up to date.
2023-09-17T00:35:12.630Z [Modules] Checking for module updates at https://discord.com/api/modules/stable/versions.json
2023-09-17T00:35:12.766Z [Modules] No module updates available.
2023-09-17T01:35:12.434Z [Modules] Checking for host updates.
2023-09-17T01:35:12.605Z [Modules] Host is up to date.
2023-09-17T01:35:12.605Z [Modules] Checking for module updates at https://discord.com/api/modules/stable/versions.json
2023-09-17T01:35:12.641Z [Modules] No module updates available.
2023-09-17T02:35:12.433Z [Modules] Checking for host updates.
2023-09-17T02:35:12.625Z [Modules] Host is up to date.
2023-09-17T02:35:12.626Z [Modules] Checking for module updates at https://discord.com/api/modules/stable/versions.json
2023-09-17T02:35:12.672Z [Modules] No module updates available.
2023-09-17T03:35:12.434Z [Modules] Checking for host updates.
2023-09-17T03:35:12.616Z [Modules] Host is up to date.
2023-09-17T03:35:12.616Z [Modules] Checking for module updates at https://discord.com/api/modules/stable/versions.json
2023-09-17T03:35:12.650Z [Modules] No module updates available.
2023-09-17T04:35:12.434Z [Modules] Checking for host updates.
2023-09-17T04:35:12.609Z [Modules] Host is up to date.
2023-09-17T04:35:12.609Z [Modules] Checking for module updates at https://discord.com/api/modules/stable/versions.json
2023-09-17T04:35:12.743Z [Modules] No module updates available.
2023-09-17T05:35:12.433Z [Modules] Checking for host updates.
2023-09-17T05:35:12.607Z [Modules] Host is up to date.
2023-09-17T05:35:12.607Z [Modules] Checking for module updates at https://discord.com/api/modules/stable/versions.json
2023-09-17T05:35:12.735Z [Modules] No module updates available.
2023-09-17T06:35:12.434Z [Modules] Checking for host updates.
2023-09-17T06:35:12.612Z [Modules] Host is up to date.
2023-09-17T06:35:12.612Z [Modules] Checking for module updates at https://discord.com/api/modules/stable/versions.json
2023-09-17T06:35:12.734Z [Modules] No module updates available.
2023-09-17T07:35:12.433Z [Modules] Checking for host updates.
2023-09-17T07:35:12.632Z [Modules] Host is up to date.
2023-09-17T07:35:12.632Z [Modules] Checking for module updates at https://discord.com/api/modules/stable/versions.json
2023-09-17T07:35:12.753Z [Modules] No module updates available.
2023-09-17T08:35:12.433Z [Modules] Checking for host updates.
2023-09-17T08:35:12.603Z [Modules] Host is up to date.
2023-09-17T08:35:12.603Z [Modules] Checking for module updates at https://discord.com/api/modules/stable/versions.json
2023-09-17T08:35:12.640Z [Modules] No module updates available.
2023-09-17T09:35:12.434Z [Modules] Checking for host updates.
2023-09-17T09:35:12.615Z [Modules] Host is up to date.
2023-09-17T09:35:12.615Z [Modules] Checking for module updates at https://discord.com/api/modules/stable/versions.json
2023-09-17T09:35:12.739Z [Modules] No module updates available.
2023-09-17T10:35:12.438Z [Modules] Checking for host updates.
2023-09-17T10:35:12.626Z [Modules] Host is up to date.
2023-09-17T10:35:12.627Z [Modules] Checking for module updates at https://discord.com/api/modules/stable/versions.json
2023-09-17T10:35:12.756Z [Modules] No module updates available.
2023-09-17T11:35:12.434Z [Modules] Checking for host updates.
2023-09-17T11:35:12.637Z [Modules] Host is up to date.
2023-09-17T11:35:12.637Z [Modules] Checking for module updates at https://discord.com/api/modules/stable/versions.json
2023-09-17T11:35:12.759Z [Modules] No module updates available.
2023-09-17T12:35:12.434Z [Modules] Checking for host updates.
2023-09-17T12:35:12.626Z [Modules] Host is up to date.
2023-09-17T12:35:12.626Z [Modules] Checking for module updates at https://discord.com/api/modules/stable/versions.json
2023-09-17T12:35:12.761Z [Modules] No module updates available.
2023-09-17T13:35:12.433Z [Modules] Checking for host updates.
2023-09-17T13:35:12.614Z [Modules] Host is up to date.
2023-09-17T13:35:12.614Z [Modules] Checking for module updates at https://discord.com/api/modules/stable/versions.json
2023-09-17T13:35:12.649Z [Modules] No module updates available.
2023-09-17T14:35:12.434Z [Modules] Checking for host updates.
2023-09-17T14:35:12.621Z [Modules] Host is up to date.
2023-09-17T14:35:12.621Z [Modules] Checking for module updates at https://discord.com/api/modules/stable/versions.json
2023-09-17T14:35:12.658Z [Modules] No module updates available.
2023-09-17T15:35:12.434Z [Modules] Checking for host updates.
2023-09-17T15:35:12.622Z [Modules] Host is up to date.
2023-09-17T15:35:12.623Z [Modules] Checking for module updates at https://discord.com/api/modules/stable/versions.json
2023-09-17T15:35:12.660Z [Modules] No module updates available.
2023-09-17T16:35:12.438Z [Modules] Checking for host updates.
2023-09-17T16:35:12.652Z [Modules] Host is up to date.
2023-09-17T16:35:12.652Z [Modules] Checking for module updates at https://discord.com/api/modules/stable/versions.json
2023-09-17T16:35:12.690Z [Modules] No module updates available.
2023-09-17T17:35:12.434Z [Modules] Checking for host updates.
2023-09-17T17:35:12.621Z [Modules] Host is up to date.
2023-09-17T17:35:12.622Z [Modules] Checking for module updates at https://discord.com/api/modules/stable/versions.json
2023-09-17T17:35:12.656Z [Modules] No module updates available.
2023-09-17T18:35:12.438Z [Modules] Checking for host updates.
2023-09-17T18:35:12.668Z [Modules] Host is up to date.
2023-09-17T18:35:12.668Z [Modules] Checking for module updates at https://discord.com/api/modules/stable/versions.json
2023-09-17T18:35:12.792Z [Modules] No module updates available.
2023-09-17T19:35:12.433Z [Modules] Checking for host updates.
2023-09-17T19:35:12.623Z [Modules] Host is up to date.
2023-09-17T19:35:12.623Z [Modules] Checking for module updates at https://discord.com/api/modules/stable/versions.json
2023-09-17T19:35:12.658Z [Modules] No module updates available.
2023-09-17T20:35:12.438Z [Modules] Checking for host updates.
2023-09-17T20:35:12.613Z [Modules] Host is up to date.
2023-09-17T20:35:12.614Z [Modules] Checking for module updates at https://discord.com/api/modules/stable/versions.json
2023-09-17T20:35:12.642Z [Modules] No module updates available.
2023-09-17T21:35:12.438Z [Modules] Checking for host updates.
2023-09-17T21:35:12.629Z [Modules] Host is up to date.
2023-09-17T21:35:12.629Z [Modules] Checking for module updates at https://discord.com/api/modules/stable/versions.json
2023-09-17T21:35:12.663Z [Modules] No module updates available.
2023-09-17T22:35:12.438Z [Modules] Checking for host updates.
2023-09-17T22:35:12.621Z [Modules] Host is up to date.
2023-09-17T22:35:12.622Z [Modules] Checking for module updates at https://discord.com/api/modules/stable/versions.json
2023-09-17T22:35:12.659Z [Modules] No module updates available.
2023-09-17T23:35:12.434Z [Modules] Checking for host updates.
2023-09-17T23:35:12.640Z [Modules] Host is up to date.
2023-09-17T23:35:12.640Z [Modules] Checking for module updates at https://discord.com/api/modules/stable/versions.json
2023-09-17T23:35:12.676Z [Modules] No module updates available.
2023-09-18T00:35:12.434Z [Modules] Checking for host updates.
2023-09-18T00:35:12.602Z [Modules] Host is up to date.
2023-09-18T00:35:12.603Z [Modules] Checking for module updates at https://discord.com/api/modules/stable/versions.json
2023-09-18T00:35:12.637Z [Modules] No module updates available.
