2023-09-25 08:22:06.451 [info] Reading sessions from keychain...
2023-09-25 08:22:06.451 [info] Getting sessions for all scopes...
2023-09-25 08:22:06.451 [info] Got 0 sessions for ...
2023-09-25 08:22:06.454 [info] Getting sessions for user:email...
2023-09-25 08:22:06.454 [info] Got 0 sessions for user:email...
2023-09-25 08:22:06.464 [info] Getting sessions for all scopes...
2023-09-25 08:22:06.464 [info] Got 0 sessions for ...
2023-09-25 08:22:06.489 [info] Getting sessions for all scopes...
2023-09-25 08:22:06.489 [info] Got 0 sessions for ...
2023-09-25 08:22:47.778 [info] Reading sessions from keychain...
2023-09-25 08:22:47.779 [info] Getting sessions for all scopes...
2023-09-25 08:22:47.779 [info] Getting sessions for user:email...
2023-09-25 08:22:47.781 [info] Got 0 sessions for ...
2023-09-25 08:22:47.781 [info] Got 0 sessions for user:email...
2023-09-25 08:22:47.806 [info] Getting sessions for all scopes...
2023-09-25 08:22:47.806 [info] Got 0 sessions for ...
2023-09-25 08:22:47.879 [info] Getting sessions for all scopes...
2023-09-25 08:22:47.879 [info] Got 0 sessions for ...
2023-09-25 12:49:49.185 [info] Reading sessions from keychain...
2023-09-25 12:49:49.185 [info] Getting sessions for all scopes...
2023-09-25 12:49:49.189 [info] Getting sessions for user:email...
2023-09-25 12:49:49.190 [info] Got 0 sessions for ...
2023-09-25 12:49:49.190 [info] Got 0 sessions for user:email...
2023-09-25 12:49:49.279 [info] Getting sessions for all scopes...
2023-09-25 12:49:49.279 [info] Got 0 sessions for ...
2023-09-25 13:17:19.252 [info] Reading sessions from keychain...
2023-09-25 13:17:19.252 [info] Getting sessions for all scopes...
2023-09-25 13:17:19.252 [info] Getting sessions for user:email...
2023-09-25 13:17:19.286 [info] Got 0 sessions for ...
2023-09-25 13:17:19.286 [info] Got 0 sessions for user:email...
2023-09-25 13:17:19.339 [info] Getting sessions for all scopes...
2023-09-25 13:17:19.339 [info] Got 0 sessions for ...
2023-09-25 14:06:58.230 [info] Reading sessions from keychain...
2023-09-25 14:06:58.231 [info] Getting sessions for all scopes...
2023-09-25 14:06:58.231 [info] Getting sessions for user:email...
2023-09-25 14:06:58.238 [info] Got 0 sessions for ...
2023-09-25 14:06:58.238 [info] Got 0 sessions for user:email...
2023-09-25 14:06:58.240 [info] Getting sessions for all scopes...
2023-09-25 14:06:58.240 [info] Got 0 sessions for ...
2023-09-25 14:06:58.260 [info] Getting sessions for all scopes...
2023-09-25 14:06:58.260 [info] Got 0 sessions for ...
2023-09-25 14:09:47.241 [info] Reading sessions from keychain...
2023-09-25 14:09:47.241 [info] Getting sessions for all scopes...
2023-09-25 14:09:47.242 [info] Got 0 sessions for ...
2023-09-25 14:09:47.243 [info] Getting sessions for user:email...
2023-09-25 14:09:47.243 [info] Got 0 sessions for user:email...
2023-09-25 14:09:47.291 [info] Getting sessions for all scopes...
2023-09-25 14:09:47.291 [info] Got 0 sessions for ...
