2023-09-24 20:05:54.954 [info] Log level: Info
2023-09-24 20:05:54.954 [info] Validating found git in: "git"
2023-09-24 20:05:54.954 [info] Using git "2.42.0" from "git"
2023-09-24 20:05:54.954 [info] > git rev-parse --show-toplevel [2ms]
2023-09-24 20:05:54.954 [info] > git rev-parse --git-dir --git-common-dir [1ms]
2023-09-24 20:05:54.954 [info] Open repository: /home/mmtrent/repos/library
2023-09-24 20:05:54.954 [info] > git rev-parse --show-toplevel [4ms]
2023-09-24 20:05:54.954 [info] > git config --get commit.template [7ms]
2023-09-24 20:05:54.954 [info] > git for-each-ref --format=%(refname)%00%(upstream:short)%00%(objectname)%00%(upstream:track)%00%(upstream:remotename)%00%(upstream:remoteref) refs/heads/main refs/remotes/main [3ms]
2023-09-24 20:05:54.954 [info] > git status -z -uall [12ms]
2023-09-24 20:05:54.955 [info] > git config --get commit.template [4ms]
2023-09-24 20:05:54.961 [info] > git for-each-ref --format=%(refname)%00%(upstream:short)%00%(objectname)%00%(upstream:track)%00%(upstream:remotename)%00%(upstream:remoteref) refs/heads/main refs/remotes/main [2ms]
2023-09-24 20:05:54.966 [info] > git status -z -uall [1ms]
2023-09-24 20:05:55.433 [info] > git check-ignore -v -z --stdin [2ms]
2023-09-24 20:05:59.322 [info] > git show --textconv :script.js [10ms]
2023-09-24 20:05:59.324 [info] > git ls-files --stage -- /home/mmtrent/repos/library/script.js [1ms]
2023-09-24 20:05:59.332 [info] > git cat-file -s 65347a06906c50a1efe200474b92c915bc11ee67 [2ms]
2023-09-24 20:16:45.822 [info] > git config --get commit.template [3ms]
2023-09-24 20:16:45.822 [info] > git for-each-ref --format=%(refname)%00%(upstream:short)%00%(objectname)%00%(upstream:track)%00%(upstream:remotename)%00%(upstream:remoteref) refs/heads/main refs/remotes/main [1ms]
2023-09-24 20:16:45.826 [info] > git status -z -uall [1ms]
2023-09-24 20:16:46.924 [info] > git ls-files --stage -- /home/mmtrent/repos/library/script.js [2ms]
2023-09-24 20:16:46.929 [info] > git cat-file -s 65347a06906c50a1efe200474b92c915bc11ee67 [1ms]
2023-09-24 20:16:46.937 [info] > git show --textconv :script.js [2ms]
2023-09-24 20:18:21.155 [info] > git config --get commit.template [7ms]
2023-09-24 20:18:21.155 [info] > git for-each-ref --format=%(refname)%00%(upstream:short)%00%(objectname)%00%(upstream:track)%00%(upstream:remotename)%00%(upstream:remoteref) refs/heads/main refs/remotes/main [1ms]
2023-09-24 20:18:21.158 [info] > git ls-files --stage -- /home/mmtrent/repos/library/script.js [7ms]
2023-09-24 20:18:21.162 [info] > git status -z -uall [4ms]
2023-09-24 20:18:21.164 [info] > git cat-file -s 65347a06906c50a1efe200474b92c915bc11ee67 [3ms]
2023-09-24 20:18:21.172 [info] > git show --textconv :script.js [1ms]
2023-09-24 20:18:26.176 [info] > git config --get commit.template [3ms]
2023-09-24 20:18:26.177 [info] > git for-each-ref --format=%(refname)%00%(upstream:short)%00%(objectname)%00%(upstream:track)%00%(upstream:remotename)%00%(upstream:remoteref) refs/heads/main refs/remotes/main [1ms]
2023-09-24 20:18:26.180 [info] > git status -z -uall [1ms]
