2023-09-25 08:22:05.826 [info] Extension host with pid 1298 started
2023-09-25 08:22:05.826 [info] Skipping acquiring lock for /home/mmtrent/.config/Code/User/workspaceStorage/c3e9b84c60a595e623c672730a224380.
2023-09-25 08:22:05.931 [info] ExtensionService#_doActivateExtension vscode.emmet, startup: false, activationEvent: 'onLanguage'
2023-09-25 08:22:05.936 [info] ExtensionService#_doActivateExtension vscode.css-language-features, startup: false, activationEvent: 'onLanguage:css'
2023-09-25 08:22:06.156 [info] ExtensionService#_doActivateExtension vscode.git-base, startup: true, activationEvent: '*', root cause: vscode.git
2023-09-25 08:22:06.167 [info] ExtensionService#_doActivateExtension vscode.git, startup: true, activationEvent: '*'
2023-09-25 08:22:06.182 [info] ExtensionService#_doActivateExtension vscode.github, startup: true, activationEvent: '*'
2023-09-25 08:22:06.213 [info] Eager extensions activated
2023-09-25 08:22:06.245 [info] ExtensionService#_doActivateExtension vscode.debug-auto-launch, startup: false, activationEvent: 'onStartupFinished'
2023-09-25 08:22:06.246 [info] ExtensionService#_doActivateExtension vscode.merge-conflict, startup: false, activationEvent: 'onStartupFinished'
2023-09-25 08:22:06.251 [info] ExtensionService#_doActivateExtension ritwickdey.LiveServer, startup: false, activationEvent: 'onStartupFinished'
2023-09-25 08:22:06.428 [info] ExtensionService#_doActivateExtension vscode.github-authentication, startup: false, activationEvent: 'onAuthenticationRequest:github'
2023-09-25 08:22:06.456 [info] ExtensionService#_doActivateExtension vscode.microsoft-authentication, startup: false, activationEvent: 'onAuthenticationRequest:microsoft'
2023-09-25 08:22:47.099 [info] Extension host terminating: renderer closed the MessagePort
2023-09-25 08:22:47.709 [info] Extension host with pid 1459 started
2023-09-25 08:22:47.709 [info] Skipping acquiring lock for /home/mmtrent/.config/Code/User/workspaceStorage/8088f3fc9fb922a2bb863d4e39bc603b.
2023-09-25 08:22:47.757 [info] ExtensionService#_doActivateExtension vscode.github-authentication, startup: false, activationEvent: 'onAuthenticationRequest:github'
2023-09-25 08:22:47.779 [info] ExtensionService#_doActivateExtension vscode.git-base, startup: true, activationEvent: '*', root cause: vscode.git
2023-09-25 08:22:47.781 [info] ExtensionService#_doActivateExtension vscode.git, startup: true, activationEvent: '*'
2023-09-25 08:22:47.795 [info] ExtensionService#_doActivateExtension vscode.github, startup: true, activationEvent: '*'
2023-09-25 08:22:47.810 [info] ExtensionService#_doActivateExtension vscode.microsoft-authentication, startup: false, activationEvent: 'onAuthenticationRequest:microsoft'
2023-09-25 08:22:47.826 [info] Eager extensions activated
2023-09-25 08:22:47.841 [info] ExtensionService#_doActivateExtension vscode.debug-auto-launch, startup: false, activationEvent: 'onStartupFinished'
2023-09-25 08:22:47.842 [info] ExtensionService#_doActivateExtension vscode.merge-conflict, startup: false, activationEvent: 'onStartupFinished'
2023-09-25 08:22:47.849 [info] ExtensionService#_doActivateExtension ritwickdey.LiveServer, startup: false, activationEvent: 'onStartupFinished'
2023-09-25 08:22:52.104 [info] Extension host with pid 1298 exiting with code 0
2023-09-25 08:23:04.136 [info] ExtensionService#_doActivateExtension vscode.html-language-features, startup: false, activationEvent: 'onLanguage:html'
2023-09-25 08:23:04.153 [info] ExtensionService#_doActivateExtension vscode.emmet, startup: false, activationEvent: 'onLanguage'
2023-09-25 08:23:49.163 [info] ExtensionService#_doActivateExtension vscode.typescript-language-features, startup: false, activationEvent: 'onLanguage:javascript'
2023-09-25 08:47:13.891 [info] ExtensionService#_doActivateExtension vscode.css-language-features, startup: false, activationEvent: 'onLanguage:css'
2023-09-25 12:49:48.513 [info] Extension host terminating: renderer closed the MessagePort
2023-09-25 12:49:49.149 [info] Extension host with pid 5770 started
2023-09-25 12:49:49.149 [info] Skipping acquiring lock for /home/mmtrent/.config/Code/User/workspaceStorage/968ccea78a1e2ce10f000175045062e9.
2023-09-25 12:49:49.167 [info] ExtensionService#_doActivateExtension vscode.github-authentication, startup: false, activationEvent: 'onAuthenticationRequest:github'
2023-09-25 12:49:49.189 [info] ExtensionService#_doActivateExtension vscode.git-base, startup: true, activationEvent: '*'
2023-09-25 12:49:49.221 [info] ExtensionService#_doActivateExtension vscode.github, startup: true, activationEvent: '*'
2023-09-25 12:49:49.225 [info] ExtensionService#_doActivateExtension vscode.microsoft-authentication, startup: false, activationEvent: 'onAuthenticationRequest:microsoft'
2023-09-25 12:49:49.236 [info] Eager extensions activated
2023-09-25 12:49:49.265 [info] ExtensionService#_doActivateExtension vscode.debug-auto-launch, startup: false, activationEvent: 'onStartupFinished'
2023-09-25 12:49:49.266 [info] ExtensionService#_doActivateExtension vscode.merge-conflict, startup: false, activationEvent: 'onStartupFinished'
2023-09-25 12:49:51.251 [info] ExtensionService#_doActivateExtension vscode.git, startup: false, activationEvent: 'api', root cause: vscode.github
2023-09-25 12:49:51.273 [info] ExtensionService#_doActivateExtension ritwickdey.LiveServer, startup: false, activationEvent: 'onStartupFinished'
2023-09-25 12:49:52.366 [info] ExtensionService#_doActivateExtension vscode.typescript-language-features, startup: false, activationEvent: 'onLanguage:javascript'
2023-09-25 12:49:52.381 [info] ExtensionService#_doActivateExtension vscode.emmet, startup: false, activationEvent: 'onLanguage'
2023-09-25 12:49:53.525 [info] Extension host with pid 1459 exiting with code 0
2023-09-25 12:49:54.004 [info] ExtensionService#_doActivateExtension vscode.html-language-features, startup: false, activationEvent: 'onLanguage:html'
2023-09-25 13:17:18.443 [info] Extension host terminating: renderer closed the MessagePort
2023-09-25 13:17:19.076 [info] Extension host with pid 7183 started
2023-09-25 13:17:19.076 [info] Skipping acquiring lock for /home/mmtrent/.config/Code/User/workspaceStorage/810f6d4260eaff074bc5a22295b1d2ef.
2023-09-25 13:17:19.098 [info] ExtensionService#_doActivateExtension vscode.git-base, startup: true, activationEvent: '*', root cause: vscode.git
2023-09-25 13:17:19.101 [info] ExtensionService#_doActivateExtension vscode.git, startup: true, activationEvent: '*'
2023-09-25 13:17:19.115 [info] ExtensionService#_doActivateExtension vscode.github, startup: true, activationEvent: '*'
2023-09-25 13:17:19.144 [info] Eager extensions activated
2023-09-25 13:17:19.172 [info] ExtensionService#_doActivateExtension vscode.debug-auto-launch, startup: false, activationEvent: 'onStartupFinished'
2023-09-25 13:17:19.173 [info] ExtensionService#_doActivateExtension vscode.merge-conflict, startup: false, activationEvent: 'onStartupFinished'
2023-09-25 13:17:19.177 [info] ExtensionService#_doActivateExtension ritwickdey.LiveServer, startup: false, activationEvent: 'onStartupFinished'
2023-09-25 13:17:19.180 [info] ExtensionService#_doActivateExtension vscode.github-authentication, startup: false, activationEvent: 'onAuthenticationRequest:github'
2023-09-25 13:17:19.300 [info] ExtensionService#_doActivateExtension vscode.microsoft-authentication, startup: false, activationEvent: 'onAuthenticationRequest:microsoft'
2023-09-25 13:17:23.457 [info] Extension host with pid 5770 exiting with code 0
2023-09-25 13:17:46.867 [info] ExtensionService#_doActivateExtension vscode.html-language-features, startup: false, activationEvent: 'onLanguage:html'
2023-09-25 13:17:46.878 [info] ExtensionService#_doActivateExtension vscode.emmet, startup: false, activationEvent: 'onLanguage'
2023-09-25 13:18:05.586 [info] ExtensionService#_doActivateExtension vscode.typescript-language-features, startup: false, activationEvent: 'onLanguage:javascript'
2023-09-25 14:06:56.281 [info] Extension host terminating: renderer closed the MessagePort
2023-09-25 14:06:56.933 [info] Extension host with pid 8296 started
2023-09-25 14:06:56.933 [info] Skipping acquiring lock for /home/mmtrent/.config/Code/User/workspaceStorage/8088f3fc9fb922a2bb863d4e39bc603b.
2023-09-25 14:06:56.986 [info] ExtensionService#_doActivateExtension vscode.emmet, startup: false, activationEvent: 'onLanguage'
2023-09-25 14:06:56.989 [info] ExtensionService#_doActivateExtension vscode.html-language-features, startup: false, activationEvent: 'onLanguage:html'
2023-09-25 14:06:57.411 [info] ExtensionService#_doActivateExtension vscode.git-base, startup: true, activationEvent: '*', root cause: vscode.git
2023-09-25 14:06:57.418 [info] ExtensionService#_doActivateExtension vscode.git, startup: true, activationEvent: '*'
2023-09-25 14:06:57.432 [info] ExtensionService#_doActivateExtension vscode.github, startup: true, activationEvent: '*'
2023-09-25 14:06:57.456 [info] Eager extensions activated
2023-09-25 14:06:57.474 [info] ExtensionService#_doActivateExtension vscode.debug-auto-launch, startup: false, activationEvent: 'onStartupFinished'
2023-09-25 14:06:57.475 [info] ExtensionService#_doActivateExtension vscode.merge-conflict, startup: false, activationEvent: 'onStartupFinished'
2023-09-25 14:06:57.481 [info] ExtensionService#_doActivateExtension ritwickdey.LiveServer, startup: false, activationEvent: 'onStartupFinished'
2023-09-25 14:06:57.795 [info] ExtensionService#_doActivateExtension vscode.typescript-language-features, startup: false, activationEvent: 'onLanguage:javascript'
2023-09-25 14:06:58.211 [info] ExtensionService#_doActivateExtension vscode.github-authentication, startup: false, activationEvent: 'onAuthenticationRequest:github'
2023-09-25 14:06:58.241 [info] ExtensionService#_doActivateExtension vscode.microsoft-authentication, startup: false, activationEvent: 'onAuthenticationRequest:microsoft'
2023-09-25 14:07:01.294 [info] Extension host with pid 7183 exiting with code 0
2023-09-25 14:09:45.425 [info] Extension host terminating: renderer closed the MessagePort
2023-09-25 14:09:46.069 [info] Extension host with pid 8944 started
2023-09-25 14:09:46.069 [info] Skipping acquiring lock for /home/mmtrent/.config/Code/User/workspaceStorage/810f6d4260eaff074bc5a22295b1d2ef.
2023-09-25 14:09:46.087 [info] ExtensionService#_doActivateExtension vscode.emmet, startup: false, activationEvent: 'onLanguage'
2023-09-25 14:09:46.091 [info] ExtensionService#_doActivateExtension vscode.typescript-language-features, startup: false, activationEvent: 'onLanguage:javascript'
2023-09-25 14:09:46.208 [info] ExtensionService#_doActivateExtension vscode.git-base, startup: true, activationEvent: '*', root cause: vscode.git
2023-09-25 14:09:46.243 [info] ExtensionService#_doActivateExtension vscode.git, startup: true, activationEvent: '*'
2023-09-25 14:09:46.255 [info] ExtensionService#_doActivateExtension vscode.github, startup: true, activationEvent: '*'
2023-09-25 14:09:46.430 [info] Eager extensions activated
2023-09-25 14:09:46.505 [info] ExtensionService#_doActivateExtension vscode.debug-auto-launch, startup: false, activationEvent: 'onStartupFinished'
2023-09-25 14:09:46.507 [info] ExtensionService#_doActivateExtension vscode.merge-conflict, startup: false, activationEvent: 'onStartupFinished'
2023-09-25 14:09:46.513 [info] ExtensionService#_doActivateExtension ritwickdey.LiveServer, startup: false, activationEvent: 'onStartupFinished'
2023-09-25 14:09:47.231 [info] ExtensionService#_doActivateExtension vscode.github-authentication, startup: false, activationEvent: 'onAuthenticationRequest:github'
2023-09-25 14:09:47.243 [info] ExtensionService#_doActivateExtension vscode.microsoft-authentication, startup: false, activationEvent: 'onAuthenticationRequest:microsoft'
2023-09-25 14:09:50.432 [info] Extension host with pid 8296 exiting with code 0
2023-09-25 16:02:12.964 [info] Extension host terminating: renderer closed the MessagePort
2023-09-25 16:02:17.970 [info] Extension host with pid 8944 exiting with code 0
