2023-09-25 08:23:49.245 [info] Starting TS Server undefined
2023-09-25 08:23:49.245 [info] Using tsserver from: /opt/visual-studio-code/resources/app/extensions/node_modules/typescript/lib/tsserver.js undefined
2023-09-25 08:23:49.245 [info] <syntax> Forking...
2023-09-25 08:23:49.245 [info] <syntax> Starting...
2023-09-25 08:23:49.245 [info] <semantic> Forking...
2023-09-25 08:23:49.245 [info] <semantic> Starting...
2023-09-25 12:49:48.541 [error] TSServer exited. Code: null. Signal: SIGTERM
2023-09-25 12:49:48.541 [info] Starting TS Server undefined
2023-09-25 12:49:48.541 [info] Not starting server: disposed undefined
2023-09-25 12:49:52.510 [info] Starting TS Server undefined
2023-09-25 12:49:52.510 [info] Using tsserver from: /opt/visual-studio-code/resources/app/extensions/node_modules/typescript/lib/tsserver.js undefined
2023-09-25 12:49:52.510 [info] <syntax> Forking...
2023-09-25 12:49:52.510 [info] <syntax> Starting...
2023-09-25 12:49:52.510 [info] <semantic> Forking...
2023-09-25 12:49:52.510 [info] <semantic> Starting...
2023-09-25 13:17:18.464 [error] TSServer exited. Code: null. Signal: SIGTERM
2023-09-25 13:17:18.464 [info] Starting TS Server undefined
2023-09-25 13:17:18.464 [info] Not starting server: disposed undefined
2023-09-25 13:18:05.668 [info] Starting TS Server undefined
2023-09-25 13:18:05.668 [info] Using tsserver from: /opt/visual-studio-code/resources/app/extensions/node_modules/typescript/lib/tsserver.js undefined
2023-09-25 13:18:05.668 [info] <syntax> Forking...
2023-09-25 13:18:05.668 [info] <syntax> Starting...
2023-09-25 13:18:05.668 [info] <semantic> Forking...
2023-09-25 13:18:05.668 [info] <semantic> Starting...
2023-09-25 14:06:56.314 [error] TSServer exited. Code: null. Signal: SIGTERM
2023-09-25 14:06:56.314 [info] Starting TS Server undefined
2023-09-25 14:06:56.314 [info] Not starting server: disposed undefined
2023-09-25 14:06:57.885 [info] Starting TS Server undefined
2023-09-25 14:06:57.885 [info] Using tsserver from: /opt/visual-studio-code/resources/app/extensions/node_modules/typescript/lib/tsserver.js undefined
2023-09-25 14:06:57.885 [info] <syntax> Forking...
2023-09-25 14:06:57.885 [info] <syntax> Starting...
2023-09-25 14:06:57.885 [info] <semantic> Forking...
2023-09-25 14:06:57.885 [info] <semantic> Starting...
2023-09-25 14:09:45.451 [error] TSServer exited. Code: null. Signal: SIGTERM
2023-09-25 14:09:45.451 [info] Starting TS Server undefined
2023-09-25 14:09:45.451 [info] Not starting server: disposed undefined
2023-09-25 14:09:46.198 [info] Starting TS Server undefined
2023-09-25 14:09:46.198 [info] Using tsserver from: /opt/visual-studio-code/resources/app/extensions/node_modules/typescript/lib/tsserver.js undefined
2023-09-25 14:09:46.198 [info] <syntax> Forking...
2023-09-25 14:09:46.198 [info] <syntax> Starting...
2023-09-25 14:09:46.198 [info] <semantic> Forking...
2023-09-25 14:09:46.198 [info] <semantic> Starting...
2023-09-25 16:02:12.991 [error] TSServer exited. Code: null. Signal: SIGTERM
2023-09-25 16:02:12.991 [info] Starting TS Server undefined
2023-09-25 16:02:12.991 [info] Not starting server: disposed undefined
