2023-09-25 08:22:06.467 [info] Reading sessions from secret storage...
2023-09-25 08:22:06.473 [info] Got 0 stored sessions
2023-09-25 08:22:06.473 [info] Getting sessions for all scopes...
2023-09-25 08:22:06.473 [info] Got 0 sessions for all scopes...
2023-09-25 08:22:06.474 [info] Getting sessions for the following scopes: email offline_access openid profile
2023-09-25 08:22:06.474 [info] Got 0 sessions for scopes: email offline_access openid profile
2023-09-25 08:22:47.840 [info] Reading sessions from secret storage...
2023-09-25 08:22:47.871 [info] Got 0 stored sessions
2023-09-25 08:22:47.875 [info] Getting sessions for all scopes...
2023-09-25 08:22:47.875 [info] Got 0 sessions for all scopes...
2023-09-25 08:22:47.876 [info] Getting sessions for the following scopes: email offline_access openid profile
2023-09-25 08:22:47.876 [info] Got 0 sessions for scopes: email offline_access openid profile
2023-09-25 12:49:49.250 [info] Reading sessions from secret storage...
2023-09-25 12:49:49.275 [info] Got 0 stored sessions
2023-09-25 12:49:49.275 [info] Getting sessions for all scopes...
2023-09-25 12:49:49.275 [info] Got 0 sessions for all scopes...
2023-09-25 12:49:49.276 [info] Getting sessions for the following scopes: email offline_access openid profile
2023-09-25 12:49:49.276 [info] Got 0 sessions for scopes: email offline_access openid profile
2023-09-25 13:17:19.316 [info] Reading sessions from secret storage...
2023-09-25 13:17:19.332 [info] Got 0 stored sessions
2023-09-25 13:17:19.332 [info] Getting sessions for all scopes...
2023-09-25 13:17:19.332 [info] Got 0 sessions for all scopes...
2023-09-25 13:17:19.333 [info] Getting sessions for the following scopes: email offline_access openid profile
2023-09-25 13:17:19.333 [info] Got 0 sessions for scopes: email offline_access openid profile
2023-09-25 14:06:58.254 [info] Reading sessions from secret storage...
2023-09-25 14:06:58.256 [info] Got 0 stored sessions
2023-09-25 14:06:58.257 [info] Getting sessions for all scopes...
2023-09-25 14:06:58.257 [info] Got 0 sessions for all scopes...
2023-09-25 14:06:58.258 [info] Getting sessions for the following scopes: email offline_access openid profile
2023-09-25 14:06:58.258 [info] Got 0 sessions for scopes: email offline_access openid profile
2023-09-25 14:09:47.252 [info] Reading sessions from secret storage...
2023-09-25 14:09:47.252 [info] Got 0 stored sessions
2023-09-25 14:09:47.252 [info] Getting sessions for all scopes...
2023-09-25 14:09:47.252 [info] Got 0 sessions for all scopes...
2023-09-25 14:09:47.252 [info] Getting sessions for the following scopes: email offline_access openid profile
2023-09-25 14:09:47.252 [info] Got 0 sessions for scopes: email offline_access openid profile
