2023-10-06 13:28:03.489 [info] Log level: Info
2023-10-06 13:28:03.489 [info] Validating found git in: "git"
2023-10-06 13:28:03.489 [info] Using git "2.42.0" from "git"
2023-10-06 13:28:03.489 [info] > git rev-parse --show-toplevel [9ms]
2023-10-06 13:28:03.489 [info] > git rev-parse --git-dir --git-common-dir [2ms]
2023-10-06 13:28:03.489 [info] Open repository: /home/mmtrent/repos/library
2023-10-06 13:28:03.505 [info] > git rev-parse --show-toplevel [4ms]
2023-10-06 13:28:03.507 [info] > git config --get commit.template [11ms]
2023-10-06 13:28:03.514 [info] > git for-each-ref --format=%(refname)%00%(upstream:short)%00%(objectname)%00%(upstream:track)%00%(upstream:remotename)%00%(upstream:remoteref) refs/heads/classRefactor refs/remotes/classRefactor [3ms]
2023-10-06 13:28:03.523 [info] > git status -z -uall [3ms]
2023-10-06 13:28:03.531 [info] > git config --get commit.template [1ms]
2023-10-06 13:28:03.567 [info] > git for-each-ref --format=%(refname)%00%(upstream:short)%00%(objectname)%00%(upstream:track)%00%(upstream:remotename)%00%(upstream:remoteref) refs/heads/classRefactor refs/remotes/classRefactor [31ms]
2023-10-06 13:28:03.587 [info] > git status -z -uall [16ms]
2023-10-06 13:28:04.027 [info] > git check-ignore -v -z --stdin [1ms]
2023-10-06 13:28:04.115 [info] > git show --textconv :script.js [8ms]
2023-10-06 13:28:04.116 [info] > git ls-files --stage -- /home/mmtrent/repos/library/script.js [1ms]
2023-10-06 13:28:04.127 [info] > git cat-file -s cc861010e40b133e6e7bff747d9cae9e1abdba79 [7ms]
2023-10-06 13:28:05.130 [info] > git config --get commit.template [4ms]
2023-10-06 13:28:05.130 [info] > git for-each-ref --format=%(refname)%00%(upstream:short)%00%(objectname)%00%(upstream:track)%00%(upstream:remotename)%00%(upstream:remoteref) refs/heads/classRefactor refs/remotes/classRefactor [0ms]
2023-10-06 13:28:05.134 [info] > git status -z -uall [1ms]
2023-10-06 13:28:06.204 [info] > git show --textconv :script.js [4ms]
2023-10-06 13:28:06.204 [info] > git ls-files --stage -- /home/mmtrent/repos/library/script.js [1ms]
2023-10-06 13:28:06.208 [info] > git cat-file -s cc861010e40b133e6e7bff747d9cae9e1abdba79 [1ms]
2023-10-06 13:30:02.703 [info] > git show --textconv :style.css [3ms]
2023-10-06 13:30:02.704 [info] > git ls-files --stage -- /home/mmtrent/repos/library/style.css [1ms]
2023-10-06 13:30:02.707 [info] > git cat-file -s a8ea76ab2ef41d96bb51a582e900a7a500d30782 [1ms]
2023-10-06 13:30:02.992 [info] > git show --textconv :script.js [3ms]
2023-10-06 13:30:02.993 [info] > git ls-files --stage -- /home/mmtrent/repos/library/script.js [1ms]
2023-10-06 13:30:02.997 [info] > git cat-file -s cc861010e40b133e6e7bff747d9cae9e1abdba79 [1ms]
